{"/home/timo/MyStuff/TTU/iti0208/ofbiz_official/accounting_ui/src/app.ts": {"path":"/home/timo/MyStuff/TTU/iti0208/ofbiz_official/accounting_ui/src/app.ts","statementMap":{"0":{"start":{"line":1,"column":0},"end":{"line":1,"column":47}},"1":{"start":{"line":2,"column":0},"end":{"line":2,"column":37}},"2":{"start":{"line":3,"column":0},"end":{"line":3,"column":44}},"3":{"start":{"line":5,"column":0},"end":{"line":5,"column":19}},"4":{"start":{"line":6,"column":0},"end":{"line":6,"column":42}},"5":{"start":{"line":9,"column":0},"end":{"line":9,"column":13}},"6":{"start":{"line":42,"column":22},"end":{"line":42,"column":31}},"7":{"start":{"line":12,"column":2},"end":{"line":12,"column":18}},"8":{"start":{"line":43,"column":4},"end":{"line":43,"column":29}},"9":{"start":{"line":16,"column":2},"end":{"line":41,"column":null}},"10":{"start":{"line":17,"column":4},"end":{"line":17,"column":35}},"11":{"start":{"line":18,"column":4},"end":{"line":18,"column":25}},"12":{"start":{"line":19,"column":4},"end":{"line":19,"column":33}},"13":{"start":{"line":20,"column":4},"end":{"line":20,"column":36}},"14":{"start":{"line":21,"column":4},"end":{"line":21,"column":30}},"15":{"start":{"line":22,"column":4},"end":{"line":36,"column":7}},"16":{"start":{"line":38,"column":4},"end":{"line":38,"column":25}},"17":{"start":{"line":39,"column":4},"end":{"line":39,"column":36}},"18":{"start":{"line":47,"column":9},"end":{"line":50,"column":null}},"19":{"start":{"line":9,"column":13},"end":{"line":52,"column":null}},"20":{"start":{"line":52,"column":0},"end":{"line":52,"column":null}},"21":{"start":{"line":9,"column":13},"end":{"line":9,"column":16}}},"fnMap":{"0":{"name":"(anonymous_2)","decl":{"start":{"line":9,"column":0},"end":{"line":9,"column":13}},"loc":{"start":{"line":9,"column":0},"end":{"line":9,"column":13}}},"1":{"name":"app","decl":{"start":{"line":42,"column":2},"end":{"line":42,"column":22}},"loc":{"start":{"line":42,"column":38},"end":{"line":45,"column":3}}},"2":{"name":"(anonymous_4)","decl":{"start":{"line":16,"column":2},"end":{"line":16,"column":17}},"loc":{"start":{"line":16,"column":61},"end":{"line":41,"column":3}}},"3":{"name":"(anonymous_5)","decl":{"start":{"line":47,"column":2},"end":{"line":47,"column":9}},"loc":{"start":{"line":47,"column":2},"end":{"line":50,"column":3}}}},"branchMap":{},"s":{"0":1,"1":1,"2":1,"3":1,"4":1,"5":1,"6":0,"7":0,"8":0,"9":1,"10":0,"11":0,"12":0,"13":0,"14":0,"15":0,"16":0,"17":0,"18":1,"19":1,"20":1,"21":1},"f":{"0":1,"1":0,"2":0,"3":0},"b":{}}
,"/home/timo/MyStuff/TTU/iti0208/ofbiz_official/accounting_ui/src/main.ts": {"path":"/home/timo/MyStuff/TTU/iti0208/ofbiz_official/accounting_ui/src/main.ts","statementMap":{"0":{"start":{"line":2,"column":0},"end":{"line":2,"column":58}},"1":{"start":{"line":3,"column":0},"end":{"line":3,"column":37}},"2":{"start":{"line":7,"column":4},"end":{"line":11,"column":73}},"3":{"start":{"line":13,"column":4},"end":{"line":13,"column":73}},"4":{"start":{"line":15,"column":4},"end":{"line":18,"column":null}},"5":{"start":{"line":16,"column":8},"end":{"line":17,"column":60}},"6":{"start":{"line":20,"column":4},"end":{"line":20,"column":79}},"7":{"start":{"line":20,"column":31},"end":{"line":20,"column":78}},"8":{"start":{"line":6,"column":0},"end":{"line":6,"column":16}}},"fnMap":{"0":{"name":"configure","decl":{"start":{"line":6,"column":16},"end":{"line":6,"column":25}},"loc":{"start":{"line":6,"column":42},"end":{"line":21,"column":1}}},"1":{"name":"(anonymous_1)","decl":{"start":{"line":20,"column":25},"end":{"line":20,"column":31}},"loc":{"start":{"line":20,"column":25},"end":{"line":20,"column":38}}}},"branchMap":{"0":{"loc":{"start":{"line":13,"column":55},"end":{"line":13,"column":62}},"type":"cond-expr","locations":[{"start":{"line":13,"column":55},"end":{"line":13,"column":62}},{"start":{"line":13,"column":65},"end":{"line":13,"column":71}}]},"1":{"loc":{"start":{"line":15,"column":4},"end":{"line":18,"column":null}},"type":"if","locations":[{"start":{"line":15,"column":4},"end":{"line":18,"column":null}},{"start":{"line":15,"column":4},"end":{"line":18,"column":null}}]}},"s":{"0":0,"1":0,"2":0,"3":0,"4":0,"5":0,"6":0,"7":0,"8":0},"f":{"0":0,"1":0},"b":{"0":[0,0],"1":[0,0]}}
,"/home/timo/MyStuff/TTU/iti0208/ofbiz_official/accounting_ui/src/mf-app.ts": {"path":"/home/timo/MyStuff/TTU/iti0208/ofbiz_official/accounting_ui/src/mf-app.ts","statementMap":{"0":{"start":{"line":1,"column":0},"end":{"line":1,"column":47}},"1":{"start":{"line":2,"column":0},"end":{"line":2,"column":37}},"2":{"start":{"line":3,"column":0},"end":{"line":3,"column":44}},"3":{"start":{"line":5,"column":0},"end":{"line":5,"column":19}},"4":{"start":{"line":6,"column":0},"end":{"line":6,"column":42}},"5":{"start":{"line":9,"column":0},"end":{"line":9,"column":13}},"6":{"start":{"line":46,"column":24},"end":{"line":46,"column":33}},"7":{"start":{"line":12,"column":4},"end":{"line":12,"column":20}},"8":{"start":{"line":47,"column":8},"end":{"line":47,"column":33}},"9":{"start":{"line":16,"column":4},"end":{"line":45,"column":null}},"10":{"start":{"line":17,"column":8},"end":{"line":17,"column":39}},"11":{"start":{"line":18,"column":8},"end":{"line":18,"column":29}},"12":{"start":{"line":19,"column":8},"end":{"line":19,"column":37}},"13":{"start":{"line":20,"column":8},"end":{"line":20,"column":40}},"14":{"start":{"line":21,"column":8},"end":{"line":21,"column":34}},"15":{"start":{"line":22,"column":8},"end":{"line":40,"column":11}},"16":{"start":{"line":42,"column":8},"end":{"line":42,"column":29}},"17":{"start":{"line":43,"column":8},"end":{"line":43,"column":40}},"18":{"start":{"line":51,"column":11},"end":{"line":54,"column":null}},"19":{"start":{"line":9,"column":13},"end":{"line":56,"column":null}},"20":{"start":{"line":56,"column":0},"end":{"line":56,"column":null}},"21":{"start":{"line":9,"column":13},"end":{"line":9,"column":16}}},"fnMap":{"0":{"name":"(anonymous_2)","decl":{"start":{"line":9,"column":0},"end":{"line":9,"column":13}},"loc":{"start":{"line":9,"column":0},"end":{"line":9,"column":13}}},"1":{"name":"app","decl":{"start":{"line":46,"column":4},"end":{"line":46,"column":24}},"loc":{"start":{"line":46,"column":40},"end":{"line":49,"column":5}}},"2":{"name":"(anonymous_4)","decl":{"start":{"line":16,"column":4},"end":{"line":16,"column":19}},"loc":{"start":{"line":16,"column":63},"end":{"line":45,"column":5}}},"3":{"name":"(anonymous_5)","decl":{"start":{"line":51,"column":4},"end":{"line":51,"column":11}},"loc":{"start":{"line":51,"column":4},"end":{"line":54,"column":5}}}},"branchMap":{},"s":{"0":0,"1":0,"2":0,"3":0,"4":0,"5":0,"6":0,"7":0,"8":0,"9":0,"10":0,"11":0,"12":0,"13":0,"14":0,"15":0,"16":0,"17":0,"18":0,"19":0,"20":0,"21":0},"f":{"0":0,"1":0,"2":0,"3":0},"b":{}}
,"/home/timo/MyStuff/TTU/iti0208/ofbiz_official/accounting_ui/src/components/header/header.ts": {"path":"/home/timo/MyStuff/TTU/iti0208/ofbiz_official/accounting_ui/src/components/header/header.ts","statementMap":{"0":{"start":{"line":1,"column":0},"end":{"line":1,"column":43}},"1":{"start":{"line":3,"column":0},"end":{"line":3,"column":13}},"2":{"start":{"line":6,"column":2},"end":{"line":8,"column":null}},"3":{"start":{"line":4,"column":12},"end":{"line":4,"column":null}},"4":{"start":{"line":9,"column":0},"end":{"line":9,"column":null}},"5":{"start":{"line":3,"column":13},"end":{"line":3,"column":19}}},"fnMap":{"0":{"name":"(anonymous_2)","decl":{"start":{"line":3,"column":0},"end":{"line":3,"column":13}},"loc":{"start":{"line":3,"column":0},"end":{"line":3,"column":13}}},"1":{"name":"(anonymous_4)","decl":{"start":{"line":6,"column":2},"end":{"line":6,"column":14}},"loc":{"start":{"line":6,"column":33},"end":{"line":8,"column":3}}}},"branchMap":{},"s":{"0":0,"1":0,"2":0,"3":0,"4":0,"5":0},"f":{"0":0,"1":0},"b":{}}
,"/home/timo/MyStuff/TTU/iti0208/ofbiz_official/accounting_ui/src/components/mf-sidenav/mf-sidenav.ts": {"path":"/home/timo/MyStuff/TTU/iti0208/ofbiz_official/accounting_ui/src/components/mf-sidenav/mf-sidenav.ts","statementMap":{"0":{"start":{"line":1,"column":0},"end":{"line":1,"column":43}},"1":{"start":{"line":3,"column":0},"end":{"line":3,"column":13}},"2":{"start":{"line":6,"column":2},"end":{"line":8,"column":null}},"3":{"start":{"line":10,"column":9},"end":{"line":12,"column":null}},"4":{"start":{"line":11,"column":4},"end":{"line":11,"column":36}},"5":{"start":{"line":4,"column":12},"end":{"line":4,"column":null}},"6":{"start":{"line":13,"column":0},"end":{"line":13,"column":null}},"7":{"start":{"line":3,"column":13},"end":{"line":3,"column":22}}},"fnMap":{"0":{"name":"(anonymous_2)","decl":{"start":{"line":3,"column":0},"end":{"line":3,"column":13}},"loc":{"start":{"line":3,"column":0},"end":{"line":3,"column":13}}},"1":{"name":"(anonymous_4)","decl":{"start":{"line":6,"column":2},"end":{"line":6,"column":14}},"loc":{"start":{"line":6,"column":33},"end":{"line":8,"column":3}}},"2":{"name":"(anonymous_5)","decl":{"start":{"line":10,"column":2},"end":{"line":10,"column":9}},"loc":{"start":{"line":10,"column":28},"end":{"line":12,"column":3}}}},"branchMap":{},"s":{"0":1,"1":1,"2":1,"3":1,"4":0,"5":1,"6":1,"7":1},"f":{"0":1,"1":0,"2":0},"b":{}}
,"/home/timo/MyStuff/TTU/iti0208/ofbiz_official/accounting_ui/src/components/sidenav/sidenav.ts": {"path":"/home/timo/MyStuff/TTU/iti0208/ofbiz_official/accounting_ui/src/components/sidenav/sidenav.ts","statementMap":{"0":{"start":{"line":1,"column":0},"end":{"line":1,"column":43}},"1":{"start":{"line":3,"column":0},"end":{"line":3,"column":13}},"2":{"start":{"line":6,"column":2},"end":{"line":8,"column":null}},"3":{"start":{"line":10,"column":9},"end":{"line":12,"column":null}},"4":{"start":{"line":11,"column":4},"end":{"line":11,"column":36}},"5":{"start":{"line":4,"column":12},"end":{"line":4,"column":null}},"6":{"start":{"line":13,"column":0},"end":{"line":13,"column":null}},"7":{"start":{"line":3,"column":13},"end":{"line":3,"column":20}}},"fnMap":{"0":{"name":"(anonymous_2)","decl":{"start":{"line":3,"column":0},"end":{"line":3,"column":13}},"loc":{"start":{"line":3,"column":0},"end":{"line":3,"column":13}}},"1":{"name":"(anonymous_4)","decl":{"start":{"line":6,"column":2},"end":{"line":6,"column":14}},"loc":{"start":{"line":6,"column":33},"end":{"line":8,"column":3}}},"2":{"name":"(anonymous_5)","decl":{"start":{"line":10,"column":2},"end":{"line":10,"column":9}},"loc":{"start":{"line":10,"column":28},"end":{"line":12,"column":3}}}},"branchMap":{},"s":{"0":0,"1":0,"2":0,"3":0,"4":0,"5":0,"6":0,"7":0},"f":{"0":0,"1":0,"2":0},"b":{}}
,"/home/timo/MyStuff/TTU/iti0208/ofbiz_official/accounting_ui/src/model/account-row.ts": {"path":"/home/timo/MyStuff/TTU/iti0208/ofbiz_official/accounting_ui/src/model/account-row.ts","statementMap":{"0":{"start":{"line":3,"column":0},"end":{"line":3,"column":13}},"1":{"start":{"line":9,"column":4},"end":{"line":9,"column":25}},"2":{"start":{"line":15,"column":0},"end":{"line":15,"column":null}},"3":{"start":{"line":3,"column":13},"end":{"line":3,"column":23}}},"fnMap":{"0":{"name":"(anonymous_0)","decl":{"start":{"line":3,"column":0},"end":{"line":3,"column":13}},"loc":{"start":{"line":3,"column":0},"end":{"line":15,"column":null}}}},"branchMap":{},"s":{"0":0,"1":0,"2":0,"3":0},"f":{"0":0},"b":{}}
,"/home/timo/MyStuff/TTU/iti0208/ofbiz_official/accounting_ui/src/model/billing-account.ts": {"path":"/home/timo/MyStuff/TTU/iti0208/ofbiz_official/accounting_ui/src/model/billing-account.ts","statementMap":{"0":{"start":{"line":1,"column":0},"end":{"line":1,"column":30}},"1":{"start":{"line":3,"column":0},"end":{"line":3,"column":null}},"2":{"start":{"line":3,"column":36},"end":{"line":3,"column":41}},"3":{"start":{"line":3,"column":0},"end":{"line":3,"column":13}},"4":{"start":{"line":5,"column":4},"end":{"line":5,"column":40}},"5":{"start":{"line":6,"column":4},"end":{"line":6,"column":38}},"6":{"start":{"line":7,"column":4},"end":{"line":7,"column":36}},"7":{"start":{"line":9,"column":4},"end":{"line":9,"column":42}},"8":{"start":{"line":12,"column":4},"end":{"line":12,"column":32}},"9":{"start":{"line":13,"column":4},"end":{"line":13,"column":32}},"10":{"start":{"line":17,"column":4},"end":{"line":17,"column":null}},"11":{"start":{"line":18,"column":0},"end":{"line":18,"column":null}},"12":{"start":{"line":3,"column":13},"end":{"line":3,"column":27}}},"fnMap":{"0":{"name":"(anonymous_6)","decl":{"start":{"line":3,"column":0},"end":{"line":3,"column":13}},"loc":{"start":{"line":3,"column":0},"end":{"line":18,"column":null}}}},"branchMap":{"0":{"loc":{"start":{"line":3,"column":0},"end":{"line":3,"column":13}},"type":"binary-expr","locations":[{"start":{"line":3,"column":0},"end":{"line":3,"column":13}},{"start":{"line":3,"column":0},"end":{"line":3,"column":13}},{"start":{"line":3,"column":0},"end":{"line":3,"column":13}}]}},"s":{"0":0,"1":0,"2":0,"3":0,"4":0,"5":0,"6":0,"7":0,"8":0,"9":0,"10":0,"11":0,"12":0},"f":{"0":0},"b":{"0":[0,0,0]}}
,"/home/timo/MyStuff/TTU/iti0208/ofbiz_official/accounting_ui/src/model/contact-mech.ts": {"path":"/home/timo/MyStuff/TTU/iti0208/ofbiz_official/accounting_ui/src/model/contact-mech.ts","statementMap":{"0":{"start":{"line":1,"column":0},"end":{"line":1,"column":30}},"1":{"start":{"line":3,"column":0},"end":{"line":3,"column":null}},"2":{"start":{"line":3,"column":33},"end":{"line":3,"column":38}},"3":{"start":{"line":3,"column":0},"end":{"line":3,"column":13}},"4":{"start":{"line":5,"column":4},"end":{"line":5,"column":34}},"5":{"start":{"line":7,"column":4},"end":{"line":7,"column":32}},"6":{"start":{"line":8,"column":4},"end":{"line":8,"column":30}},"7":{"start":{"line":9,"column":4},"end":{"line":9,"column":34}},"8":{"start":{"line":10,"column":4},"end":{"line":10,"column":36}},"9":{"start":{"line":11,"column":4},"end":{"line":11,"column":null}},"10":{"start":{"line":13,"column":0},"end":{"line":13,"column":null}},"11":{"start":{"line":3,"column":13},"end":{"line":3,"column":24}}},"fnMap":{"0":{"name":"(anonymous_6)","decl":{"start":{"line":3,"column":0},"end":{"line":3,"column":13}},"loc":{"start":{"line":3,"column":0},"end":{"line":13,"column":null}}}},"branchMap":{"0":{"loc":{"start":{"line":3,"column":0},"end":{"line":3,"column":13}},"type":"binary-expr","locations":[{"start":{"line":3,"column":0},"end":{"line":3,"column":13}},{"start":{"line":3,"column":0},"end":{"line":3,"column":13}},{"start":{"line":3,"column":0},"end":{"line":3,"column":13}}]}},"s":{"0":0,"1":0,"2":0,"3":0,"4":0,"5":0,"6":0,"7":0,"8":0,"9":0,"10":0,"11":0},"f":{"0":0},"b":{"0":[0,0,0]}}
,"/home/timo/MyStuff/TTU/iti0208/ofbiz_official/accounting_ui/src/model/invoice-item.ts": {"path":"/home/timo/MyStuff/TTU/iti0208/ofbiz_official/accounting_ui/src/model/invoice-item.ts","statementMap":{"0":{"start":{"line":1,"column":0},"end":{"line":1,"column":30}},"1":{"start":{"line":3,"column":0},"end":{"line":3,"column":null}},"2":{"start":{"line":3,"column":33},"end":{"line":3,"column":38}},"3":{"start":{"line":3,"column":0},"end":{"line":3,"column":13}},"4":{"start":{"line":4,"column":4},"end":{"line":4,"column":40}},"5":{"start":{"line":6,"column":4},"end":{"line":6,"column":38}},"6":{"start":{"line":7,"column":4},"end":{"line":7,"column":36}},"7":{"start":{"line":8,"column":4},"end":{"line":8,"column":30}},"8":{"start":{"line":10,"column":4},"end":{"line":10,"column":42}},"9":{"start":{"line":13,"column":4},"end":{"line":13,"column":47}},"10":{"start":{"line":15,"column":4},"end":{"line":15,"column":33}},"11":{"start":{"line":16,"column":0},"end":{"line":16,"column":null}},"12":{"start":{"line":3,"column":13},"end":{"line":3,"column":24}}},"fnMap":{"0":{"name":"(anonymous_6)","decl":{"start":{"line":3,"column":0},"end":{"line":3,"column":13}},"loc":{"start":{"line":3,"column":0},"end":{"line":16,"column":null}}}},"branchMap":{"0":{"loc":{"start":{"line":3,"column":0},"end":{"line":3,"column":13}},"type":"binary-expr","locations":[{"start":{"line":3,"column":0},"end":{"line":3,"column":13}},{"start":{"line":3,"column":0},"end":{"line":3,"column":13}},{"start":{"line":3,"column":0},"end":{"line":3,"column":13}}]}},"s":{"0":0,"1":0,"2":0,"3":0,"4":0,"5":0,"6":0,"7":0,"8":0,"9":0,"10":0,"11":0,"12":0},"f":{"0":0},"b":{"0":[0,0,0]}}
,"/home/timo/MyStuff/TTU/iti0208/ofbiz_official/accounting_ui/src/model/invoice.ts": {"path":"/home/timo/MyStuff/TTU/iti0208/ofbiz_official/accounting_ui/src/model/invoice.ts","statementMap":{"0":{"start":{"line":2,"column":0},"end":{"line":2,"column":30}},"1":{"start":{"line":4,"column":0},"end":{"line":4,"column":null}},"2":{"start":{"line":4,"column":29},"end":{"line":4,"column":34}},"3":{"start":{"line":4,"column":0},"end":{"line":4,"column":13}},"4":{"start":{"line":5,"column":4},"end":{"line":5,"column":56}},"5":{"start":{"line":7,"column":4},"end":{"line":7,"column":32}},"6":{"start":{"line":8,"column":4},"end":{"line":8,"column":31}},"7":{"start":{"line":10,"column":4},"end":{"line":10,"column":36}},"8":{"start":{"line":13,"column":4},"end":{"line":13,"column":40}},"9":{"start":{"line":14,"column":4},"end":{"line":14,"column":34}},"10":{"start":{"line":15,"column":4},"end":{"line":15,"column":38}},"11":{"start":{"line":16,"column":4},"end":{"line":16,"column":42}},"12":{"start":{"line":17,"column":4},"end":{"line":17,"column":35}},"13":{"start":{"line":19,"column":4},"end":{"line":19,"column":30}},"14":{"start":{"line":20,"column":0},"end":{"line":20,"column":null}},"15":{"start":{"line":4,"column":13},"end":{"line":4,"column":20}}},"fnMap":{"0":{"name":"(anonymous_6)","decl":{"start":{"line":4,"column":0},"end":{"line":4,"column":13}},"loc":{"start":{"line":4,"column":0},"end":{"line":20,"column":null}}}},"branchMap":{"0":{"loc":{"start":{"line":4,"column":0},"end":{"line":4,"column":13}},"type":"binary-expr","locations":[{"start":{"line":4,"column":0},"end":{"line":4,"column":13}},{"start":{"line":4,"column":0},"end":{"line":4,"column":13}},{"start":{"line":4,"column":0},"end":{"line":4,"column":13}}]}},"s":{"0":0,"1":0,"2":0,"3":0,"4":0,"5":0,"6":0,"7":0,"8":0,"9":0,"10":0,"11":0,"12":0,"13":0,"14":0,"15":0},"f":{"0":0},"b":{"0":[0,0,0]}}
,"/home/timo/MyStuff/TTU/iti0208/ofbiz_official/accounting_ui/src/model/item-type.ts": {"path":"/home/timo/MyStuff/TTU/iti0208/ofbiz_official/accounting_ui/src/model/item-type.ts","statementMap":{"0":{"start":{"line":1,"column":0},"end":{"line":1,"column":13}},"1":{"start":{"line":10,"column":0},"end":{"line":10,"column":null}},"2":{"start":{"line":1,"column":13},"end":{"line":1,"column":21}}},"fnMap":{"0":{"name":"(anonymous_0)","decl":{"start":{"line":1,"column":0},"end":{"line":1,"column":13}},"loc":{"start":{"line":1,"column":0},"end":{"line":10,"column":null}}}},"branchMap":{},"s":{"0":0,"1":0,"2":0},"f":{"0":0},"b":{}}
,"/home/timo/MyStuff/TTU/iti0208/ofbiz_official/accounting_ui/src/model/model.ts": {"path":"/home/timo/MyStuff/TTU/iti0208/ofbiz_official/accounting_ui/src/model/model.ts","statementMap":{"0":{"start":{"line":2,"column":0},"end":{"line":2,"column":22}},"1":{"start":{"line":4,"column":4},"end":{"line":19,"column":null}},"2":{"start":{"line":5,"column":21},"end":{"line":5,"column":41}},"3":{"start":{"line":6,"column":22},"end":{"line":6,"column":24}},"4":{"start":{"line":7,"column":8},"end":{"line":17,"column":null}},"5":{"start":{"line":7,"column":35},"end":{"line":7,"column":41}},"6":{"start":{"line":7,"column":17},"end":{"line":7,"column":18}},"7":{"start":{"line":7,"column":18},"end":{"line":7,"column":23}},"8":{"start":{"line":7,"column":25},"end":{"line":7,"column":30}},"9":{"start":{"line":8,"column":12},"end":{"line":10,"column":null}},"10":{"start":{"line":9,"column":16},"end":{"line":9,"column":25}},"11":{"start":{"line":12,"column":12},"end":{"line":16,"column":null}},"12":{"start":{"line":13,"column":16},"end":{"line":13,"column":49}},"13":{"start":{"line":15,"column":16},"end":{"line":15,"column":39}},"14":{"start":{"line":18,"column":8},"end":{"line":18,"column":23}},"15":{"start":{"line":20,"column":0},"end":{"line":20,"column":null}},"16":{"start":{"line":2,"column":22},"end":{"line":2,"column":27}}},"fnMap":{"0":{"name":"(anonymous_0)","decl":{"start":{"line":2,"column":0},"end":{"line":2,"column":22}},"loc":{"start":{"line":2,"column":0},"end":{"line":20,"column":null}}},"1":{"name":"(anonymous_2)","decl":{"start":{"line":4,"column":4},"end":{"line":4,"column":10}},"loc":{"start":{"line":4,"column":4},"end":{"line":19,"column":5}}}},"branchMap":{"0":{"loc":{"start":{"line":8,"column":12},"end":{"line":10,"column":null}},"type":"if","locations":[{"start":{"line":8,"column":12},"end":{"line":10,"column":null}},{"start":{"line":8,"column":12},"end":{"line":10,"column":null}}]},"1":{"loc":{"start":{"line":8,"column":16},"end":{"line":8,"column":38}},"type":"binary-expr","locations":[{"start":{"line":8,"column":16},"end":{"line":8,"column":38}},{"start":{"line":8,"column":42},"end":{"line":8,"column":63}}]},"2":{"loc":{"start":{"line":12,"column":12},"end":{"line":16,"column":null}},"type":"if","locations":[{"start":{"line":12,"column":12},"end":{"line":16,"column":null}},{"start":{"line":12,"column":12},"end":{"line":16,"column":null}}]}},"s":{"0":0,"1":0,"2":0,"3":0,"4":0,"5":0,"6":0,"7":0,"8":0,"9":0,"10":0,"11":0,"12":0,"13":0,"14":0,"15":0,"16":0},"f":{"0":0,"1":0},"b":{"0":[0,0],"1":[0,0],"2":[0,0]}}
,"/home/timo/MyStuff/TTU/iti0208/ofbiz_official/accounting_ui/src/model/order.ts": {"path":"/home/timo/MyStuff/TTU/iti0208/ofbiz_official/accounting_ui/src/model/order.ts","statementMap":{"0":{"start":{"line":1,"column":0},"end":{"line":1,"column":30}},"1":{"start":{"line":3,"column":0},"end":{"line":3,"column":null}},"2":{"start":{"line":3,"column":27},"end":{"line":3,"column":32}},"3":{"start":{"line":3,"column":0},"end":{"line":3,"column":13}},"4":{"start":{"line":5,"column":4},"end":{"line":5,"column":36}},"5":{"start":{"line":6,"column":4},"end":{"line":6,"column":38}},"6":{"start":{"line":7,"column":4},"end":{"line":7,"column":42}},"7":{"start":{"line":10,"column":4},"end":{"line":10,"column":40}},"8":{"start":{"line":12,"column":4},"end":{"line":12,"column":42}},"9":{"start":{"line":13,"column":4},"end":{"line":13,"column":null}},"10":{"start":{"line":14,"column":0},"end":{"line":14,"column":null}},"11":{"start":{"line":3,"column":13},"end":{"line":3,"column":18}}},"fnMap":{"0":{"name":"(anonymous_6)","decl":{"start":{"line":3,"column":0},"end":{"line":3,"column":13}},"loc":{"start":{"line":3,"column":0},"end":{"line":14,"column":null}}}},"branchMap":{"0":{"loc":{"start":{"line":3,"column":0},"end":{"line":3,"column":13}},"type":"binary-expr","locations":[{"start":{"line":3,"column":0},"end":{"line":3,"column":13}},{"start":{"line":3,"column":0},"end":{"line":3,"column":13}},{"start":{"line":3,"column":0},"end":{"line":3,"column":13}}]}},"s":{"0":0,"1":0,"2":0,"3":0,"4":0,"5":0,"6":0,"7":0,"8":0,"9":0,"10":0,"11":0},"f":{"0":0},"b":{"0":[0,0,0]}}
,"/home/timo/MyStuff/TTU/iti0208/ofbiz_official/accounting_ui/src/model/party-and-contact-mech.ts": {"path":"/home/timo/MyStuff/TTU/iti0208/ofbiz_official/accounting_ui/src/model/party-and-contact-mech.ts","statementMap":{"0":{"start":{"line":1,"column":0},"end":{"line":1,"column":30}},"1":{"start":{"line":3,"column":0},"end":{"line":3,"column":null}},"2":{"start":{"line":3,"column":41},"end":{"line":3,"column":46}},"3":{"start":{"line":3,"column":0},"end":{"line":3,"column":13}},"4":{"start":{"line":5,"column":4},"end":{"line":5,"column":42}},"5":{"start":{"line":6,"column":4},"end":{"line":6,"column":48}},"6":{"start":{"line":17,"column":4},"end":{"line":17,"column":32}},"7":{"start":{"line":18,"column":4},"end":{"line":18,"column":31}},"8":{"start":{"line":25,"column":4},"end":{"line":25,"column":null}},"9":{"start":{"line":26,"column":4},"end":{"line":26,"column":38}},"10":{"start":{"line":29,"column":4},"end":{"line":29,"column":null}},"11":{"start":{"line":33,"column":0},"end":{"line":33,"column":null}},"12":{"start":{"line":3,"column":13},"end":{"line":3,"column":32}}},"fnMap":{"0":{"name":"(anonymous_6)","decl":{"start":{"line":3,"column":0},"end":{"line":3,"column":13}},"loc":{"start":{"line":3,"column":0},"end":{"line":33,"column":null}}}},"branchMap":{"0":{"loc":{"start":{"line":3,"column":0},"end":{"line":3,"column":13}},"type":"binary-expr","locations":[{"start":{"line":3,"column":0},"end":{"line":3,"column":13}},{"start":{"line":3,"column":0},"end":{"line":3,"column":13}},{"start":{"line":3,"column":0},"end":{"line":3,"column":13}}]}},"s":{"0":0,"1":0,"2":0,"3":0,"4":0,"5":0,"6":0,"7":0,"8":0,"9":0,"10":0,"11":0,"12":0},"f":{"0":0},"b":{"0":[0,0,0]}}
,"/home/timo/MyStuff/TTU/iti0208/ofbiz_official/accounting_ui/src/model/party-and-person.ts": {"path":"/home/timo/MyStuff/TTU/iti0208/ofbiz_official/accounting_ui/src/model/party-and-person.ts","statementMap":{"0":{"start":{"line":1,"column":0},"end":{"line":1,"column":30}},"1":{"start":{"line":3,"column":0},"end":{"line":3,"column":null}},"2":{"start":{"line":3,"column":36},"end":{"line":3,"column":41}},"3":{"start":{"line":3,"column":0},"end":{"line":3,"column":13}},"4":{"start":{"line":11,"column":4},"end":{"line":11,"column":null}},"5":{"start":{"line":14,"column":4},"end":{"line":14,"column":27}},"6":{"start":{"line":15,"column":4},"end":{"line":15,"column":47}},"7":{"start":{"line":25,"column":4},"end":{"line":25,"column":40}},"8":{"start":{"line":30,"column":4},"end":{"line":30,"column":null}},"9":{"start":{"line":31,"column":4},"end":{"line":31,"column":31}},"10":{"start":{"line":35,"column":4},"end":{"line":35,"column":null}},"11":{"start":{"line":38,"column":0},"end":{"line":38,"column":null}},"12":{"start":{"line":3,"column":13},"end":{"line":3,"column":27}}},"fnMap":{"0":{"name":"(anonymous_6)","decl":{"start":{"line":3,"column":0},"end":{"line":3,"column":13}},"loc":{"start":{"line":3,"column":0},"end":{"line":38,"column":null}}}},"branchMap":{"0":{"loc":{"start":{"line":3,"column":0},"end":{"line":3,"column":13}},"type":"binary-expr","locations":[{"start":{"line":3,"column":0},"end":{"line":3,"column":13}},{"start":{"line":3,"column":0},"end":{"line":3,"column":13}},{"start":{"line":3,"column":0},"end":{"line":3,"column":13}}]}},"s":{"0":0,"1":0,"2":0,"3":0,"4":0,"5":0,"6":0,"7":0,"8":0,"9":0,"10":0,"11":0,"12":0},"f":{"0":0},"b":{"0":[0,0,0]}}
,"/home/timo/MyStuff/TTU/iti0208/ofbiz_official/accounting_ui/src/model/party.ts": {"path":"/home/timo/MyStuff/TTU/iti0208/ofbiz_official/accounting_ui/src/model/party.ts","statementMap":{"0":{"start":{"line":1,"column":0},"end":{"line":1,"column":30}},"1":{"start":{"line":2,"column":0},"end":{"line":2,"column":50}},"2":{"start":{"line":3,"column":0},"end":{"line":3,"column":61}},"3":{"start":{"line":5,"column":0},"end":{"line":5,"column":null}},"4":{"start":{"line":5,"column":27},"end":{"line":5,"column":32}},"5":{"start":{"line":5,"column":0},"end":{"line":5,"column":13}},"6":{"start":{"line":8,"column":4},"end":{"line":8,"column":39}},"7":{"start":{"line":9,"column":4},"end":{"line":9,"column":36}},"8":{"start":{"line":11,"column":4},"end":{"line":11,"column":38}},"9":{"start":{"line":12,"column":4},"end":{"line":12,"column":42}},"10":{"start":{"line":13,"column":4},"end":{"line":13,"column":40}},"11":{"start":{"line":14,"column":4},"end":{"line":14,"column":null}},"12":{"start":{"line":15,"column":4},"end":{"line":15,"column":60}},"13":{"start":{"line":16,"column":4},"end":{"line":16,"column":75}},"14":{"start":{"line":17,"column":0},"end":{"line":17,"column":null}},"15":{"start":{"line":5,"column":13},"end":{"line":5,"column":18}}},"fnMap":{"0":{"name":"(anonymous_6)","decl":{"start":{"line":5,"column":0},"end":{"line":5,"column":13}},"loc":{"start":{"line":5,"column":0},"end":{"line":17,"column":null}}}},"branchMap":{"0":{"loc":{"start":{"line":5,"column":0},"end":{"line":5,"column":13}},"type":"binary-expr","locations":[{"start":{"line":5,"column":0},"end":{"line":5,"column":13}},{"start":{"line":5,"column":0},"end":{"line":5,"column":13}},{"start":{"line":5,"column":0},"end":{"line":5,"column":13}}]}},"s":{"0":0,"1":0,"2":0,"3":0,"4":0,"5":0,"6":0,"7":0,"8":0,"9":0,"10":0,"11":0,"12":0,"13":0,"14":0,"15":0},"f":{"0":0},"b":{"0":[0,0,0]}}
,"/home/timo/MyStuff/TTU/iti0208/ofbiz_official/accounting_ui/src/model/product.ts": {"path":"/home/timo/MyStuff/TTU/iti0208/ofbiz_official/accounting_ui/src/model/product.ts","statementMap":{"0":{"start":{"line":1,"column":0},"end":{"line":1,"column":30}},"1":{"start":{"line":3,"column":0},"end":{"line":3,"column":null}},"2":{"start":{"line":3,"column":29},"end":{"line":3,"column":34}},"3":{"start":{"line":3,"column":0},"end":{"line":3,"column":13}},"4":{"start":{"line":5,"column":4},"end":{"line":5,"column":36}},"5":{"start":{"line":7,"column":4},"end":{"line":7,"column":38}},"6":{"start":{"line":8,"column":4},"end":{"line":8,"column":42}},"7":{"start":{"line":11,"column":4},"end":{"line":11,"column":40}},"8":{"start":{"line":13,"column":4},"end":{"line":13,"column":42}},"9":{"start":{"line":14,"column":4},"end":{"line":14,"column":null}},"10":{"start":{"line":15,"column":0},"end":{"line":15,"column":null}},"11":{"start":{"line":3,"column":13},"end":{"line":3,"column":20}}},"fnMap":{"0":{"name":"(anonymous_6)","decl":{"start":{"line":3,"column":0},"end":{"line":3,"column":13}},"loc":{"start":{"line":3,"column":0},"end":{"line":15,"column":null}}}},"branchMap":{"0":{"loc":{"start":{"line":3,"column":0},"end":{"line":3,"column":13}},"type":"binary-expr","locations":[{"start":{"line":3,"column":0},"end":{"line":3,"column":13}},{"start":{"line":3,"column":0},"end":{"line":3,"column":13}},{"start":{"line":3,"column":0},"end":{"line":3,"column":13}}]}},"s":{"0":0,"1":0,"2":0,"3":0,"4":0,"5":0,"6":0,"7":0,"8":0,"9":0,"10":0,"11":0},"f":{"0":0},"b":{"0":[0,0,0]}}
,"/home/timo/MyStuff/TTU/iti0208/ofbiz_official/accounting_ui/src/model/temporary.ts": {"path":"/home/timo/MyStuff/TTU/iti0208/ofbiz_official/accounting_ui/src/model/temporary.ts","statementMap":{"0":{"start":{"line":1,"column":0},"end":{"line":1,"column":13}},"1":{"start":{"line":4,"column":0},"end":{"line":4,"column":null}},"2":{"start":{"line":1,"column":13},"end":{"line":1,"column":22}}},"fnMap":{"0":{"name":"(anonymous_0)","decl":{"start":{"line":1,"column":0},"end":{"line":1,"column":13}},"loc":{"start":{"line":1,"column":0},"end":{"line":4,"column":null}}}},"branchMap":{},"s":{"0":0,"1":0,"2":0},"f":{"0":0},"b":{}}
,"/home/timo/MyStuff/TTU/iti0208/ofbiz_official/accounting_ui/src/model/workeffort.ts": {"path":"/home/timo/MyStuff/TTU/iti0208/ofbiz_official/accounting_ui/src/model/workeffort.ts","statementMap":{"0":{"start":{"line":1,"column":0},"end":{"line":1,"column":30}},"1":{"start":{"line":3,"column":0},"end":{"line":3,"column":null}},"2":{"start":{"line":3,"column":32},"end":{"line":3,"column":37}},"3":{"start":{"line":3,"column":0},"end":{"line":3,"column":13}},"4":{"start":{"line":13,"column":4},"end":{"line":13,"column":44}},"5":{"start":{"line":25,"column":0},"end":{"line":25,"column":null}},"6":{"start":{"line":3,"column":13},"end":{"line":3,"column":23}}},"fnMap":{"0":{"name":"(anonymous_6)","decl":{"start":{"line":3,"column":0},"end":{"line":3,"column":13}},"loc":{"start":{"line":3,"column":0},"end":{"line":25,"column":null}}}},"branchMap":{"0":{"loc":{"start":{"line":3,"column":0},"end":{"line":3,"column":13}},"type":"binary-expr","locations":[{"start":{"line":3,"column":0},"end":{"line":3,"column":13}},{"start":{"line":3,"column":0},"end":{"line":3,"column":13}},{"start":{"line":3,"column":0},"end":{"line":3,"column":13}}]}},"s":{"0":0,"1":0,"2":0,"3":0,"4":0,"5":0,"6":0},"f":{"0":0},"b":{"0":[0,0,0]}}
,"/home/timo/MyStuff/TTU/iti0208/ofbiz_official/accounting_ui/src/pages/customer/customers/customers.ts": {"path":"/home/timo/MyStuff/TTU/iti0208/ofbiz_official/accounting_ui/src/pages/customer/customers/customers.ts","statementMap":{"0":{"start":{"line":1,"column":0},"end":{"line":1,"column":60}},"1":{"start":{"line":2,"column":0},"end":{"line":2,"column":52}},"2":{"start":{"line":3,"column":0},"end":{"line":3,"column":51}},"3":{"start":{"line":7,"column":0},"end":{"line":7,"column":13}},"4":{"start":{"line":10,"column":24},"end":{"line":10,"column":38}},"5":{"start":{"line":11,"column":8},"end":{"line":11,"column":27}},"6":{"start":{"line":14,"column":4},"end":{"line":24,"column":null}},"7":{"start":{"line":14,"column":4},"end":{"line":14,"column":15}},"8":{"start":{"line":15,"column":8},"end":{"line":23,"column":15}},"9":{"start":{"line":17,"column":16},"end":{"line":21,"column":19}},"10":{"start":{"line":18,"column":20},"end":{"line":18,"column":106}},"11":{"start":{"line":19,"column":20},"end":{"line":20,"column":null}},"12":{"start":{"line":20,"column":38},"end":{"line":20,"column":72}},"13":{"start":{"line":22,"column":16},"end":{"line":22,"column":35}},"14":{"start":{"line":26,"column":4},"end":{"line":28,"column":null}},"15":{"start":{"line":27,"column":8},"end":{"line":27,"column":41}},"16":{"start":{"line":7,"column":13},"end":{"line":30,"column":null}},"17":{"start":{"line":30,"column":0},"end":{"line":30,"column":null}},"18":{"start":{"line":7,"column":13},"end":{"line":7,"column":22}}},"fnMap":{"0":{"name":"(anonymous_2)","decl":{"start":{"line":7,"column":0},"end":{"line":7,"column":13}},"loc":{"start":{"line":7,"column":0},"end":{"line":7,"column":13}}},"1":{"name":"Customers","decl":{"start":{"line":10,"column":4},"end":{"line":10,"column":24}},"loc":{"start":{"line":10,"column":50},"end":{"line":12,"column":5}}},"2":{"name":"(anonymous_4)","decl":{"start":{"line":14,"column":4},"end":{"line":14,"column":15}},"loc":{"start":{"line":14,"column":4},"end":{"line":24,"column":5}}},"3":{"name":"(anonymous_5)","decl":{"start":{"line":16,"column":18},"end":{"line":16,"column":21}},"loc":{"start":{"line":16,"column":21},"end":{"line":23,"column":13}}},"4":{"name":"(anonymous_6)","decl":{"start":{"line":17,"column":24},"end":{"line":17,"column":25}},"loc":{"start":{"line":17,"column":25},"end":{"line":21,"column":17}}},"5":{"name":"(anonymous_7)","decl":{"start":{"line":20,"column":30},"end":{"line":20,"column":34}},"loc":{"start":{"line":20,"column":34},"end":{"line":20,"column":39}}},"6":{"name":"(anonymous_8)","decl":{"start":{"line":26,"column":4},"end":{"line":26,"column":15}},"loc":{"start":{"line":26,"column":26},"end":{"line":28,"column":5}}}},"branchMap":{},"s":{"0":0,"1":0,"2":0,"3":0,"4":0,"5":0,"6":0,"7":0,"8":0,"9":0,"10":0,"11":0,"12":0,"13":0,"14":0,"15":0,"16":0,"17":0,"18":0},"f":{"0":0,"1":0,"2":0,"3":0,"4":0,"5":0,"6":0},"b":{}}
,"/home/timo/MyStuff/TTU/iti0208/ofbiz_official/accounting_ui/src/pages/customer/new-business/new.ts": {"path":"/home/timo/MyStuff/TTU/iti0208/ofbiz_official/accounting_ui/src/pages/customer/new-business/new.ts","statementMap":{"0":{"start":{"line":1,"column":0},"end":{"line":1,"column":60}},"1":{"start":{"line":2,"column":0},"end":{"line":2,"column":52}},"2":{"start":{"line":3,"column":0},"end":{"line":3,"column":102}},"3":{"start":{"line":4,"column":0},"end":{"line":4,"column":43}},"4":{"start":{"line":7,"column":0},"end":{"line":7,"column":13}},"5":{"start":{"line":26,"column":24},"end":{"line":26,"column":38}},"6":{"start":{"line":9,"column":4},"end":{"line":9,"column":31}},"7":{"start":{"line":10,"column":4},"end":{"line":10,"column":22}},"8":{"start":{"line":14,"column":4},"end":{"line":14,"column":22}},"9":{"start":{"line":15,"column":4},"end":{"line":15,"column":27}},"10":{"start":{"line":16,"column":4},"end":{"line":16,"column":26}},"11":{"start":{"line":17,"column":4},"end":{"line":17,"column":23}},"12":{"start":{"line":19,"column":4},"end":{"line":19,"column":25}},"13":{"start":{"line":20,"column":4},"end":{"line":20,"column":22}},"14":{"start":{"line":21,"column":4},"end":{"line":21,"column":25}},"15":{"start":{"line":23,"column":4},"end":{"line":23,"column":30}},"16":{"start":{"line":27,"column":8},"end":{"line":27,"column":78}},"17":{"start":{"line":28,"column":8},"end":{"line":28,"column":null}},"18":{"start":{"line":31,"column":4},"end":{"line":37,"column":null}},"19":{"start":{"line":33,"column":8},"end":{"line":36,"column":null}},"20":{"start":{"line":39,"column":4},"end":{"line":47,"column":null}},"21":{"start":{"line":40,"column":8},"end":{"line":46,"column":null}},"22":{"start":{"line":45,"column":12},"end":{"line":45,"column":37}},"23":{"start":{"line":49,"column":4},"end":{"line":54,"column":null}},"24":{"start":{"line":50,"column":8},"end":{"line":52,"column":null}},"25":{"start":{"line":51,"column":12},"end":{"line":51,"column":null}},"26":{"start":{"line":53,"column":8},"end":{"line":53,"column":null}},"27":{"start":{"line":7,"column":13},"end":{"line":55,"column":null}},"28":{"start":{"line":55,"column":0},"end":{"line":55,"column":null}},"29":{"start":{"line":7,"column":13},"end":{"line":7,"column":16}}},"fnMap":{"0":{"name":"(anonymous_2)","decl":{"start":{"line":7,"column":0},"end":{"line":7,"column":13}},"loc":{"start":{"line":7,"column":0},"end":{"line":7,"column":13}}},"1":{"name":"New","decl":{"start":{"line":26,"column":4},"end":{"line":26,"column":24}},"loc":{"start":{"line":26,"column":79},"end":{"line":29,"column":5}}},"2":{"name":"(anonymous_4)","decl":{"start":{"line":31,"column":4},"end":{"line":31,"column":13}},"loc":{"start":{"line":31,"column":4},"end":{"line":37,"column":5}}},"3":{"name":"(anonymous_5)","decl":{"start":{"line":39,"column":4},"end":{"line":39,"column":8}},"loc":{"start":{"line":39,"column":4},"end":{"line":47,"column":5}}},"4":{"name":"(anonymous_6)","decl":{"start":{"line":49,"column":4},"end":{"line":49,"column":15}},"loc":{"start":{"line":49,"column":4},"end":{"line":54,"column":5}}}},"branchMap":{"0":{"loc":{"start":{"line":40,"column":8},"end":{"line":46,"column":null}},"type":"if","locations":[{"start":{"line":40,"column":8},"end":{"line":46,"column":null}},{"start":{"line":40,"column":8},"end":{"line":46,"column":null}}]},"1":{"loc":{"start":{"line":50,"column":8},"end":{"line":52,"column":null}},"type":"if","locations":[{"start":{"line":50,"column":8},"end":{"line":52,"column":null}},{"start":{"line":50,"column":8},"end":{"line":52,"column":null}}]},"2":{"loc":{"start":{"line":50,"column":12},"end":{"line":50,"column":45}},"type":"binary-expr","locations":[{"start":{"line":50,"column":12},"end":{"line":50,"column":45}},{"start":{"line":50,"column":49},"end":{"line":50,"column":80}}]}},"s":{"0":0,"1":0,"2":0,"3":0,"4":0,"5":0,"6":0,"7":0,"8":0,"9":0,"10":0,"11":0,"12":0,"13":0,"14":0,"15":0,"16":0,"17":0,"18":0,"19":0,"20":0,"21":0,"22":0,"23":0,"24":0,"25":0,"26":0,"27":0,"28":0,"29":0},"f":{"0":0,"1":0,"2":0,"3":0,"4":0},"b":{"0":[0,0],"1":[0,0],"2":[0,0]}}
,"/home/timo/MyStuff/TTU/iti0208/ofbiz_official/accounting_ui/src/pages/customer/new-private/new.ts": {"path":"/home/timo/MyStuff/TTU/iti0208/ofbiz_official/accounting_ui/src/pages/customer/new-private/new.ts","statementMap":{"0":{"start":{"line":1,"column":0},"end":{"line":1,"column":60}},"1":{"start":{"line":2,"column":0},"end":{"line":2,"column":52}},"2":{"start":{"line":3,"column":0},"end":{"line":3,"column":102}},"3":{"start":{"line":4,"column":0},"end":{"line":4,"column":43}},"4":{"start":{"line":5,"column":0},"end":{"line":5,"column":63}},"5":{"start":{"line":6,"column":0},"end":{"line":6,"column":74}},"6":{"start":{"line":7,"column":0},"end":{"line":7,"column":73}},"7":{"start":{"line":8,"column":0},"end":{"line":8,"column":56}},"8":{"start":{"line":11,"column":0},"end":{"line":11,"column":13}},"9":{"start":{"line":19,"column":24},"end":{"line":19,"column":38}},"10":{"start":{"line":20,"column":24},"end":{"line":20,"column":44}},"11":{"start":{"line":13,"column":4},"end":{"line":13,"column":31}},"12":{"start":{"line":14,"column":4},"end":{"line":14,"column":42}},"13":{"start":{"line":15,"column":4},"end":{"line":15,"column":52}},"14":{"start":{"line":16,"column":4},"end":{"line":16,"column":22}},"15":{"start":{"line":22,"column":8},"end":{"line":22,"column":78}},"16":{"start":{"line":23,"column":8},"end":{"line":23,"column":null}},"17":{"start":{"line":26,"column":4},"end":{"line":33,"column":null}},"18":{"start":{"line":29,"column":8},"end":{"line":32,"column":null}},"19":{"start":{"line":35,"column":4},"end":{"line":54,"column":null}},"20":{"start":{"line":35,"column":4},"end":{"line":35,"column":8}},"21":{"start":{"line":36,"column":8},"end":{"line":53,"column":null}},"22":{"start":{"line":37,"column":12},"end":{"line":37,"column":47}},"23":{"start":{"line":38,"column":12},"end":{"line":38,"column":55}},"24":{"start":{"line":39,"column":12},"end":{"line":52,"column":15}},"25":{"start":{"line":40,"column":15},"end":{"line":40,"column":57}},"26":{"start":{"line":41,"column":15},"end":{"line":41,"column":62}},"27":{"start":{"line":42,"column":15},"end":{"line":51,"column":null}},"28":{"start":{"line":44,"column":43},"end":{"line":44,"column":60}},"29":{"start":{"line":45,"column":23},"end":{"line":45,"column":84}},"30":{"start":{"line":46,"column":23},"end":{"line":50,"column":26}},"31":{"start":{"line":47,"column":27},"end":{"line":47,"column":84}},"32":{"start":{"line":48,"column":27},"end":{"line":49,"column":62}},"33":{"start":{"line":49,"column":44},"end":{"line":49,"column":61}},"34":{"start":{"line":56,"column":4},"end":{"line":61,"column":null}},"35":{"start":{"line":57,"column":8},"end":{"line":59,"column":null}},"36":{"start":{"line":58,"column":12},"end":{"line":58,"column":null}},"37":{"start":{"line":60,"column":8},"end":{"line":60,"column":null}},"38":{"start":{"line":11,"column":13},"end":{"line":62,"column":null}},"39":{"start":{"line":62,"column":0},"end":{"line":62,"column":null}},"40":{"start":{"line":11,"column":13},"end":{"line":11,"column":16}}},"fnMap":{"0":{"name":"(anonymous_2)","decl":{"start":{"line":11,"column":0},"end":{"line":11,"column":13}},"loc":{"start":{"line":11,"column":0},"end":{"line":11,"column":13}}},"1":{"name":"New","decl":{"start":{"line":19,"column":4},"end":{"line":19,"column":24}},"loc":{"start":{"line":21,"column":43},"end":{"line":24,"column":5}}},"2":{"name":"(anonymous_4)","decl":{"start":{"line":26,"column":4},"end":{"line":26,"column":13}},"loc":{"start":{"line":26,"column":4},"end":{"line":33,"column":5}}},"3":{"name":"(anonymous_5)","decl":{"start":{"line":35,"column":4},"end":{"line":35,"column":8}},"loc":{"start":{"line":35,"column":4},"end":{"line":54,"column":5}}},"4":{"name":"(anonymous_6)","decl":{"start":{"line":39,"column":54},"end":{"line":39,"column":57}},"loc":{"start":{"line":39,"column":57},"end":{"line":52,"column":13}}},"5":{"name":"(anonymous_7)","decl":{"start":{"line":43,"column":25},"end":{"line":43,"column":null}},"loc":{"start":{"line":43,"column":25},"end":{"line":51,"column":20}}},"6":{"name":"(anonymous_8)","decl":{"start":{"line":46,"column":72},"end":{"line":46,"column":73}},"loc":{"start":{"line":46,"column":73},"end":{"line":50,"column":24}}},"7":{"name":"(anonymous_9)","decl":{"start":{"line":49,"column":37},"end":{"line":49,"column":40}},"loc":{"start":{"line":49,"column":40},"end":{"line":49,"column":51}}},"8":{"name":"(anonymous_10)","decl":{"start":{"line":56,"column":4},"end":{"line":56,"column":15}},"loc":{"start":{"line":56,"column":4},"end":{"line":61,"column":5}}}},"branchMap":{"0":{"loc":{"start":{"line":36,"column":8},"end":{"line":53,"column":null}},"type":"if","locations":[{"start":{"line":36,"column":8},"end":{"line":53,"column":null}},{"start":{"line":36,"column":8},"end":{"line":53,"column":null}}]},"1":{"loc":{"start":{"line":57,"column":8},"end":{"line":59,"column":null}},"type":"if","locations":[{"start":{"line":57,"column":8},"end":{"line":59,"column":null}},{"start":{"line":57,"column":8},"end":{"line":59,"column":null}}]}},"s":{"0":0,"1":0,"2":0,"3":0,"4":0,"5":0,"6":0,"7":0,"8":0,"9":0,"10":0,"11":0,"12":0,"13":0,"14":0,"15":0,"16":0,"17":0,"18":0,"19":0,"20":0,"21":0,"22":0,"23":0,"24":0,"25":0,"26":0,"27":0,"28":0,"29":0,"30":0,"31":0,"32":0,"33":0,"34":0,"35":0,"36":0,"37":0,"38":0,"39":0,"40":0},"f":{"0":0,"1":0,"2":0,"3":0,"4":0,"5":0,"6":0,"7":0,"8":0},"b":{"0":[0,0],"1":[0,0]}}
,"/home/timo/MyStuff/TTU/iti0208/ofbiz_official/accounting_ui/src/pages/home/home.ts": {"path":"/home/timo/MyStuff/TTU/iti0208/ofbiz_official/accounting_ui/src/pages/home/home.ts","statementMap":{"0":{"start":{"line":1,"column":0},"end":{"line":1,"column":13}},"1":{"start":{"line":5,"column":4},"end":{"line":5,"column":33}},"2":{"start":{"line":7,"column":0},"end":{"line":7,"column":null}},"3":{"start":{"line":1,"column":13},"end":{"line":1,"column":17}}},"fnMap":{"0":{"name":"(anonymous_0)","decl":{"start":{"line":1,"column":0},"end":{"line":1,"column":13}},"loc":{"start":{"line":1,"column":0},"end":{"line":7,"column":null}}},"1":{"name":"Home","decl":{"start":{"line":4,"column":2},"end":{"line":4,"column":null}},"loc":{"start":{"line":4,"column":2},"end":{"line":6,"column":3}}}},"branchMap":{},"s":{"0":0,"1":0,"2":0,"3":0},"f":{"0":0,"1":0},"b":{}}
,"/home/timo/MyStuff/TTU/iti0208/ofbiz_official/accounting_ui/src/pages/home/mf-home.ts": {"path":"/home/timo/MyStuff/TTU/iti0208/ofbiz_official/accounting_ui/src/pages/home/mf-home.ts","statementMap":{"0":{"start":{"line":1,"column":0},"end":{"line":1,"column":13}},"1":{"start":{"line":5,"column":8},"end":{"line":5,"column":37}},"2":{"start":{"line":7,"column":0},"end":{"line":7,"column":null}},"3":{"start":{"line":1,"column":13},"end":{"line":1,"column":17}}},"fnMap":{"0":{"name":"(anonymous_0)","decl":{"start":{"line":1,"column":0},"end":{"line":1,"column":13}},"loc":{"start":{"line":1,"column":0},"end":{"line":7,"column":null}}},"1":{"name":"Home","decl":{"start":{"line":4,"column":4},"end":{"line":4,"column":null}},"loc":{"start":{"line":4,"column":4},"end":{"line":6,"column":5}}}},"branchMap":{},"s":{"0":0,"1":0,"2":0,"3":0},"f":{"0":0,"1":0},"b":{}}
,"/home/timo/MyStuff/TTU/iti0208/ofbiz_official/accounting_ui/src/pages/item/items/items.ts": {"path":"/home/timo/MyStuff/TTU/iti0208/ofbiz_official/accounting_ui/src/pages/item/items/items.ts","statementMap":{"0":{"start":{"line":1,"column":0},"end":{"line":1,"column":52}},"1":{"start":{"line":2,"column":0},"end":{"line":2,"column":64}},"2":{"start":{"line":7,"column":0},"end":{"line":7,"column":13}},"3":{"start":{"line":11,"column":24},"end":{"line":11,"column":40}},"4":{"start":{"line":12,"column":8},"end":{"line":12,"column":null}},"5":{"start":{"line":15,"column":12},"end":{"line":18,"column":null}},"6":{"start":{"line":15,"column":4},"end":{"line":15,"column":12}},"7":{"start":{"line":16,"column":8},"end":{"line":17,"column":null}},"8":{"start":{"line":17,"column":25},"end":{"line":17,"column":45}},"9":{"start":{"line":7,"column":13},"end":{"line":19,"column":null}},"10":{"start":{"line":19,"column":0},"end":{"line":19,"column":null}},"11":{"start":{"line":7,"column":13},"end":{"line":7,"column":18}}},"fnMap":{"0":{"name":"(anonymous_2)","decl":{"start":{"line":7,"column":0},"end":{"line":7,"column":13}},"loc":{"start":{"line":7,"column":0},"end":{"line":7,"column":13}}},"1":{"name":"Items","decl":{"start":{"line":11,"column":4},"end":{"line":11,"column":24}},"loc":{"start":{"line":11,"column":54},"end":{"line":13,"column":5}}},"2":{"name":"(anonymous_4)","decl":{"start":{"line":15,"column":4},"end":{"line":15,"column":12}},"loc":{"start":{"line":15,"column":4},"end":{"line":18,"column":5}}},"3":{"name":"(anonymous_5)","decl":{"start":{"line":17,"column":18},"end":{"line":17,"column":21}},"loc":{"start":{"line":17,"column":21},"end":{"line":17,"column":29}}}},"branchMap":{},"s":{"0":0,"1":0,"2":0,"3":0,"4":0,"5":0,"6":0,"7":0,"8":0,"9":0,"10":0,"11":0},"f":{"0":0,"1":0,"2":0,"3":0},"b":{}}
,"/home/timo/MyStuff/TTU/iti0208/ofbiz_official/accounting_ui/src/pages/item/new/new.ts": {"path":"/home/timo/MyStuff/TTU/iti0208/ofbiz_official/accounting_ui/src/pages/item/new/new.ts","statementMap":{"0":{"start":{"line":1,"column":0},"end":{"line":1,"column":52}},"1":{"start":{"line":2,"column":0},"end":{"line":2,"column":85}},"2":{"start":{"line":3,"column":0},"end":{"line":3,"column":47}},"3":{"start":{"line":4,"column":0},"end":{"line":4,"column":64}},"4":{"start":{"line":7,"column":0},"end":{"line":7,"column":13}},"5":{"start":{"line":12,"column":24},"end":{"line":12,"column":40}},"6":{"start":{"line":9,"column":4},"end":{"line":9,"column":28}},"7":{"start":{"line":10,"column":4},"end":{"line":10,"column":22}},"8":{"start":{"line":13,"column":8},"end":{"line":13,"column":78}},"9":{"start":{"line":14,"column":8},"end":{"line":14,"column":null}},"10":{"start":{"line":17,"column":4},"end":{"line":23,"column":null}},"11":{"start":{"line":25,"column":4},"end":{"line":30,"column":null}},"12":{"start":{"line":25,"column":4},"end":{"line":25,"column":8}},"13":{"start":{"line":26,"column":8},"end":{"line":29,"column":null}},"14":{"start":{"line":27,"column":12},"end":{"line":28,"column":null}},"15":{"start":{"line":28,"column":28},"end":{"line":28,"column":57}},"16":{"start":{"line":32,"column":4},"end":{"line":37,"column":null}},"17":{"start":{"line":33,"column":8},"end":{"line":35,"column":null}},"18":{"start":{"line":34,"column":12},"end":{"line":34,"column":null}},"19":{"start":{"line":36,"column":8},"end":{"line":36,"column":null}},"20":{"start":{"line":7,"column":13},"end":{"line":38,"column":null}},"21":{"start":{"line":38,"column":0},"end":{"line":38,"column":null}},"22":{"start":{"line":7,"column":13},"end":{"line":7,"column":16}}},"fnMap":{"0":{"name":"(anonymous_2)","decl":{"start":{"line":7,"column":0},"end":{"line":7,"column":13}},"loc":{"start":{"line":7,"column":0},"end":{"line":7,"column":13}}},"1":{"name":"New","decl":{"start":{"line":12,"column":4},"end":{"line":12,"column":24}},"loc":{"start":{"line":12,"column":83},"end":{"line":15,"column":5}}},"2":{"name":"(anonymous_4)","decl":{"start":{"line":17,"column":4},"end":{"line":17,"column":13}},"loc":{"start":{"line":17,"column":4},"end":{"line":23,"column":5}}},"3":{"name":"(anonymous_5)","decl":{"start":{"line":25,"column":4},"end":{"line":25,"column":8}},"loc":{"start":{"line":25,"column":4},"end":{"line":30,"column":5}}},"4":{"name":"(anonymous_6)","decl":{"start":{"line":28,"column":22},"end":{"line":28,"column":28}},"loc":{"start":{"line":28,"column":22},"end":{"line":28,"column":32}}},"5":{"name":"(anonymous_7)","decl":{"start":{"line":32,"column":4},"end":{"line":32,"column":15}},"loc":{"start":{"line":32,"column":4},"end":{"line":37,"column":5}}}},"branchMap":{"0":{"loc":{"start":{"line":26,"column":8},"end":{"line":29,"column":null}},"type":"if","locations":[{"start":{"line":26,"column":8},"end":{"line":29,"column":null}},{"start":{"line":26,"column":8},"end":{"line":29,"column":null}}]},"1":{"loc":{"start":{"line":33,"column":8},"end":{"line":35,"column":null}},"type":"if","locations":[{"start":{"line":33,"column":8},"end":{"line":35,"column":null}},{"start":{"line":33,"column":8},"end":{"line":35,"column":null}}]}},"s":{"0":0,"1":0,"2":0,"3":0,"4":0,"5":0,"6":0,"7":0,"8":0,"9":0,"10":0,"11":0,"12":0,"13":0,"14":0,"15":0,"16":0,"17":0,"18":0,"19":0,"20":0,"21":0,"22":0},"f":{"0":0,"1":0,"2":0,"3":0,"4":0,"5":0},"b":{"0":[0,0],"1":[0,0]}}
,"/home/timo/MyStuff/TTU/iti0208/ofbiz_official/accounting_ui/src/pages/login/login.ts": {"path":"/home/timo/MyStuff/TTU/iti0208/ofbiz_official/accounting_ui/src/pages/login/login.ts","statementMap":{"0":{"start":{"line":1,"column":0},"end":{"line":1,"column":13}},"1":{"start":{"line":3,"column":0},"end":{"line":3,"column":null}},"2":{"start":{"line":1,"column":13},"end":{"line":1,"column":18}}},"fnMap":{"0":{"name":"(anonymous_0)","decl":{"start":{"line":1,"column":0},"end":{"line":1,"column":13}},"loc":{"start":{"line":1,"column":0},"end":{"line":3,"column":null}}}},"branchMap":{},"s":{"0":1,"1":1,"2":1},"f":{"0":1},"b":{}}
,"/home/timo/MyStuff/TTU/iti0208/ofbiz_official/accounting_ui/src/pages/mf-order/mf-active-orders/mf-active-orders.ts": {"path":"/home/timo/MyStuff/TTU/iti0208/ofbiz_official/accounting_ui/src/pages/mf-order/mf-active-orders/mf-active-orders.ts","statementMap":{"0":{"start":{"line":2,"column":0},"end":{"line":2,"column":52}},"1":{"start":{"line":3,"column":0},"end":{"line":3,"column":60}},"2":{"start":{"line":6,"column":0},"end":{"line":6,"column":13}},"3":{"start":{"line":10,"column":24},"end":{"line":10,"column":38}},"4":{"start":{"line":11,"column":8},"end":{"line":11,"column":null}},"5":{"start":{"line":14,"column":12},"end":{"line":19,"column":null}},"6":{"start":{"line":14,"column":4},"end":{"line":14,"column":12}},"7":{"start":{"line":15,"column":8},"end":{"line":16,"column":null}},"8":{"start":{"line":16,"column":25},"end":{"line":16,"column":43}},"9":{"start":{"line":17,"column":8},"end":{"line":17,"column":null}},"10":{"start":{"line":18,"column":8},"end":{"line":18,"column":null}},"11":{"start":{"line":6,"column":13},"end":{"line":20,"column":null}},"12":{"start":{"line":20,"column":0},"end":{"line":20,"column":null}},"13":{"start":{"line":6,"column":13},"end":{"line":6,"column":27}}},"fnMap":{"0":{"name":"(anonymous_2)","decl":{"start":{"line":6,"column":0},"end":{"line":6,"column":13}},"loc":{"start":{"line":6,"column":0},"end":{"line":6,"column":13}}},"1":{"name":"MfActiveOrders","decl":{"start":{"line":10,"column":4},"end":{"line":10,"column":24}},"loc":{"start":{"line":10,"column":50},"end":{"line":12,"column":5}}},"2":{"name":"(anonymous_4)","decl":{"start":{"line":14,"column":4},"end":{"line":14,"column":12}},"loc":{"start":{"line":14,"column":4},"end":{"line":19,"column":5}}},"3":{"name":"(anonymous_5)","decl":{"start":{"line":16,"column":18},"end":{"line":16,"column":21}},"loc":{"start":{"line":16,"column":21},"end":{"line":16,"column":29}}}},"branchMap":{},"s":{"0":0,"1":0,"2":0,"3":0,"4":0,"5":0,"6":0,"7":0,"8":0,"9":0,"10":0,"11":0,"12":0,"13":0},"f":{"0":0,"1":0,"2":0,"3":0},"b":{}}
,"/home/timo/MyStuff/TTU/iti0208/ofbiz_official/accounting_ui/src/pages/mf-order/mf-change-order/mf-change-order.ts": {"path":"/home/timo/MyStuff/TTU/iti0208/ofbiz_official/accounting_ui/src/pages/mf-order/mf-change-order/mf-change-order.ts","statementMap":{"0":{"start":{"line":1,"column":0},"end":{"line":1,"column":13}},"1":{"start":{"line":5,"column":8},"end":{"line":5,"column":37}},"2":{"start":{"line":7,"column":0},"end":{"line":7,"column":null}},"3":{"start":{"line":1,"column":13},"end":{"line":1,"column":26}}},"fnMap":{"0":{"name":"(anonymous_0)","decl":{"start":{"line":1,"column":0},"end":{"line":1,"column":13}},"loc":{"start":{"line":1,"column":0},"end":{"line":7,"column":null}}},"1":{"name":"MfChangeOrder","decl":{"start":{"line":4,"column":4},"end":{"line":4,"column":null}},"loc":{"start":{"line":4,"column":4},"end":{"line":6,"column":5}}}},"branchMap":{},"s":{"0":0,"1":0,"2":0,"3":0},"f":{"0":0,"1":0},"b":{}}
,"/home/timo/MyStuff/TTU/iti0208/ofbiz_official/accounting_ui/src/pages/mf-order/mf-new-order/mf-new-order.ts": {"path":"/home/timo/MyStuff/TTU/iti0208/ofbiz_official/accounting_ui/src/pages/mf-order/mf-new-order/mf-new-order.ts","statementMap":{"0":{"start":{"line":1,"column":0},"end":{"line":1,"column":52}},"1":{"start":{"line":2,"column":0},"end":{"line":2,"column":85}},"2":{"start":{"line":3,"column":0},"end":{"line":3,"column":43}},"3":{"start":{"line":4,"column":0},"end":{"line":4,"column":60}},"4":{"start":{"line":7,"column":0},"end":{"line":7,"column":13}},"5":{"start":{"line":12,"column":24},"end":{"line":12,"column":38}},"6":{"start":{"line":9,"column":4},"end":{"line":9,"column":24}},"7":{"start":{"line":10,"column":4},"end":{"line":10,"column":22}},"8":{"start":{"line":13,"column":8},"end":{"line":13,"column":78}},"9":{"start":{"line":14,"column":8},"end":{"line":14,"column":null}},"10":{"start":{"line":17,"column":4},"end":{"line":18,"column":null}},"11":{"start":{"line":20,"column":4},"end":{"line":25,"column":null}},"12":{"start":{"line":20,"column":4},"end":{"line":20,"column":8}},"13":{"start":{"line":21,"column":8},"end":{"line":24,"column":null}},"14":{"start":{"line":22,"column":12},"end":{"line":23,"column":null}},"15":{"start":{"line":23,"column":28},"end":{"line":23,"column":53}},"16":{"start":{"line":27,"column":4},"end":{"line":32,"column":null}},"17":{"start":{"line":28,"column":8},"end":{"line":28,"column":null}},"18":{"start":{"line":29,"column":8},"end":{"line":29,"column":null}},"19":{"start":{"line":30,"column":8},"end":{"line":30,"column":null}},"20":{"start":{"line":31,"column":8},"end":{"line":31,"column":null}},"21":{"start":{"line":34,"column":4},"end":{"line":39,"column":null}},"22":{"start":{"line":35,"column":8},"end":{"line":37,"column":null}},"23":{"start":{"line":36,"column":12},"end":{"line":36,"column":null}},"24":{"start":{"line":38,"column":8},"end":{"line":38,"column":null}},"25":{"start":{"line":7,"column":13},"end":{"line":40,"column":null}},"26":{"start":{"line":40,"column":0},"end":{"line":40,"column":null}},"27":{"start":{"line":7,"column":13},"end":{"line":7,"column":23}}},"fnMap":{"0":{"name":"(anonymous_2)","decl":{"start":{"line":7,"column":0},"end":{"line":7,"column":13}},"loc":{"start":{"line":7,"column":0},"end":{"line":7,"column":13}}},"1":{"name":"MfNewOrder","decl":{"start":{"line":12,"column":4},"end":{"line":12,"column":24}},"loc":{"start":{"line":12,"column":79},"end":{"line":15,"column":5}}},"2":{"name":"(anonymous_4)","decl":{"start":{"line":17,"column":4},"end":{"line":17,"column":13}},"loc":{"start":{"line":17,"column":4},"end":{"line":18,"column":5}}},"3":{"name":"(anonymous_5)","decl":{"start":{"line":20,"column":4},"end":{"line":20,"column":8}},"loc":{"start":{"line":20,"column":4},"end":{"line":25,"column":5}}},"4":{"name":"(anonymous_6)","decl":{"start":{"line":23,"column":22},"end":{"line":23,"column":28}},"loc":{"start":{"line":23,"column":22},"end":{"line":23,"column":32}}},"5":{"name":"(anonymous_7)","decl":{"start":{"line":27,"column":4},"end":{"line":27,"column":31}},"loc":{"start":{"line":27,"column":4},"end":{"line":32,"column":5}}},"6":{"name":"(anonymous_8)","decl":{"start":{"line":34,"column":4},"end":{"line":34,"column":15}},"loc":{"start":{"line":34,"column":4},"end":{"line":39,"column":5}}}},"branchMap":{"0":{"loc":{"start":{"line":21,"column":8},"end":{"line":24,"column":null}},"type":"if","locations":[{"start":{"line":21,"column":8},"end":{"line":24,"column":null}},{"start":{"line":21,"column":8},"end":{"line":24,"column":null}}]},"1":{"loc":{"start":{"line":35,"column":8},"end":{"line":37,"column":null}},"type":"if","locations":[{"start":{"line":35,"column":8},"end":{"line":37,"column":null}},{"start":{"line":35,"column":8},"end":{"line":37,"column":null}}]}},"s":{"0":0,"1":0,"2":0,"3":0,"4":0,"5":0,"6":0,"7":0,"8":0,"9":0,"10":0,"11":0,"12":0,"13":0,"14":0,"15":0,"16":0,"17":0,"18":0,"19":0,"20":0,"21":0,"22":0,"23":0,"24":0,"25":0,"26":0,"27":0},"f":{"0":0,"1":0,"2":0,"3":0,"4":0,"5":0,"6":0},"b":{"0":[0,0],"1":[0,0]}}
,"/home/timo/MyStuff/TTU/iti0208/ofbiz_official/accounting_ui/src/pages/mf-order/mf-order-view/mf-order-view.ts": {"path":"/home/timo/MyStuff/TTU/iti0208/ofbiz_official/accounting_ui/src/pages/mf-order/mf-order-view/mf-order-view.ts","statementMap":{"0":{"start":{"line":1,"column":0},"end":{"line":1,"column":13}},"1":{"start":{"line":5,"column":8},"end":{"line":5,"column":37}},"2":{"start":{"line":7,"column":0},"end":{"line":7,"column":null}},"3":{"start":{"line":1,"column":13},"end":{"line":1,"column":24}}},"fnMap":{"0":{"name":"(anonymous_0)","decl":{"start":{"line":1,"column":0},"end":{"line":1,"column":13}},"loc":{"start":{"line":1,"column":0},"end":{"line":7,"column":null}}},"1":{"name":"MfOrderView","decl":{"start":{"line":4,"column":4},"end":{"line":4,"column":null}},"loc":{"start":{"line":4,"column":4},"end":{"line":6,"column":5}}}},"branchMap":{},"s":{"0":0,"1":0,"2":0,"3":0},"f":{"0":0,"1":0},"b":{}}
,"/home/timo/MyStuff/TTU/iti0208/ofbiz_official/accounting_ui/src/pages/mf-order/mf-orders-history/mf-orders-history.ts": {"path":"/home/timo/MyStuff/TTU/iti0208/ofbiz_official/accounting_ui/src/pages/mf-order/mf-orders-history/mf-orders-history.ts","statementMap":{"0":{"start":{"line":1,"column":0},"end":{"line":1,"column":13}},"1":{"start":{"line":5,"column":8},"end":{"line":5,"column":37}},"2":{"start":{"line":7,"column":0},"end":{"line":7,"column":null}},"3":{"start":{"line":1,"column":13},"end":{"line":1,"column":28}}},"fnMap":{"0":{"name":"(anonymous_0)","decl":{"start":{"line":1,"column":0},"end":{"line":1,"column":13}},"loc":{"start":{"line":1,"column":0},"end":{"line":7,"column":null}}},"1":{"name":"MfOrdersHistory","decl":{"start":{"line":4,"column":4},"end":{"line":4,"column":null}},"loc":{"start":{"line":4,"column":4},"end":{"line":6,"column":5}}}},"branchMap":{},"s":{"0":0,"1":0,"2":0,"3":0},"f":{"0":0,"1":0},"b":{}}
,"/home/timo/MyStuff/TTU/iti0208/ofbiz_official/accounting_ui/src/pages/mf-products/mf-product-new/new.ts": {"path":"/home/timo/MyStuff/TTU/iti0208/ofbiz_official/accounting_ui/src/pages/mf-products/mf-product-new/new.ts","statementMap":{"0":{"start":{"line":1,"column":0},"end":{"line":1,"column":52}},"1":{"start":{"line":2,"column":0},"end":{"line":2,"column":85}},"2":{"start":{"line":3,"column":0},"end":{"line":3,"column":47}},"3":{"start":{"line":4,"column":0},"end":{"line":4,"column":64}},"4":{"start":{"line":7,"column":0},"end":{"line":7,"column":13}},"5":{"start":{"line":12,"column":24},"end":{"line":12,"column":40}},"6":{"start":{"line":9,"column":4},"end":{"line":9,"column":28}},"7":{"start":{"line":10,"column":4},"end":{"line":10,"column":22}},"8":{"start":{"line":13,"column":8},"end":{"line":13,"column":78}},"9":{"start":{"line":14,"column":8},"end":{"line":14,"column":null}},"10":{"start":{"line":17,"column":4},"end":{"line":18,"column":null}},"11":{"start":{"line":20,"column":4},"end":{"line":25,"column":null}},"12":{"start":{"line":20,"column":4},"end":{"line":20,"column":8}},"13":{"start":{"line":21,"column":8},"end":{"line":24,"column":null}},"14":{"start":{"line":22,"column":12},"end":{"line":23,"column":null}},"15":{"start":{"line":23,"column":28},"end":{"line":23,"column":57}},"16":{"start":{"line":27,"column":4},"end":{"line":30,"column":null}},"17":{"start":{"line":28,"column":8},"end":{"line":28,"column":null}},"18":{"start":{"line":29,"column":8},"end":{"line":29,"column":null}},"19":{"start":{"line":32,"column":4},"end":{"line":37,"column":null}},"20":{"start":{"line":33,"column":8},"end":{"line":35,"column":null}},"21":{"start":{"line":34,"column":12},"end":{"line":34,"column":null}},"22":{"start":{"line":36,"column":8},"end":{"line":36,"column":null}},"23":{"start":{"line":7,"column":13},"end":{"line":38,"column":null}},"24":{"start":{"line":38,"column":0},"end":{"line":38,"column":null}},"25":{"start":{"line":7,"column":13},"end":{"line":7,"column":16}}},"fnMap":{"0":{"name":"(anonymous_2)","decl":{"start":{"line":7,"column":0},"end":{"line":7,"column":13}},"loc":{"start":{"line":7,"column":0},"end":{"line":7,"column":13}}},"1":{"name":"New","decl":{"start":{"line":12,"column":4},"end":{"line":12,"column":24}},"loc":{"start":{"line":12,"column":83},"end":{"line":15,"column":5}}},"2":{"name":"(anonymous_4)","decl":{"start":{"line":17,"column":4},"end":{"line":17,"column":13}},"loc":{"start":{"line":17,"column":4},"end":{"line":18,"column":5}}},"3":{"name":"(anonymous_5)","decl":{"start":{"line":20,"column":4},"end":{"line":20,"column":8}},"loc":{"start":{"line":20,"column":4},"end":{"line":25,"column":5}}},"4":{"name":"(anonymous_6)","decl":{"start":{"line":23,"column":22},"end":{"line":23,"column":28}},"loc":{"start":{"line":23,"column":22},"end":{"line":23,"column":32}}},"5":{"name":"(anonymous_7)","decl":{"start":{"line":27,"column":4},"end":{"line":27,"column":23}},"loc":{"start":{"line":27,"column":4},"end":{"line":30,"column":5}}},"6":{"name":"(anonymous_8)","decl":{"start":{"line":32,"column":4},"end":{"line":32,"column":15}},"loc":{"start":{"line":32,"column":4},"end":{"line":37,"column":5}}}},"branchMap":{"0":{"loc":{"start":{"line":21,"column":8},"end":{"line":24,"column":null}},"type":"if","locations":[{"start":{"line":21,"column":8},"end":{"line":24,"column":null}},{"start":{"line":21,"column":8},"end":{"line":24,"column":null}}]},"1":{"loc":{"start":{"line":33,"column":8},"end":{"line":35,"column":null}},"type":"if","locations":[{"start":{"line":33,"column":8},"end":{"line":35,"column":null}},{"start":{"line":33,"column":8},"end":{"line":35,"column":null}}]}},"s":{"0":0,"1":0,"2":0,"3":0,"4":0,"5":0,"6":0,"7":0,"8":0,"9":0,"10":0,"11":0,"12":0,"13":0,"14":0,"15":0,"16":0,"17":0,"18":0,"19":0,"20":0,"21":0,"22":0,"23":0,"24":0,"25":0},"f":{"0":0,"1":0,"2":0,"3":0,"4":0,"5":0,"6":0},"b":{"0":[0,0],"1":[0,0]}}
,"/home/timo/MyStuff/TTU/iti0208/ofbiz_official/accounting_ui/src/pages/mf-products/mf-product-view/mf-product-view.ts": {"path":"/home/timo/MyStuff/TTU/iti0208/ofbiz_official/accounting_ui/src/pages/mf-products/mf-product-view/mf-product-view.ts","statementMap":{"0":{"start":{"line":1,"column":0},"end":{"line":1,"column":52}},"1":{"start":{"line":2,"column":0},"end":{"line":2,"column":85}},"2":{"start":{"line":3,"column":0},"end":{"line":3,"column":47}},"3":{"start":{"line":4,"column":0},"end":{"line":4,"column":64}},"4":{"start":{"line":7,"column":0},"end":{"line":7,"column":13}},"5":{"start":{"line":16,"column":24},"end":{"line":16,"column":40}},"6":{"start":{"line":13,"column":4},"end":{"line":13,"column":28}},"7":{"start":{"line":14,"column":4},"end":{"line":14,"column":22}},"8":{"start":{"line":17,"column":8},"end":{"line":17,"column":78}},"9":{"start":{"line":19,"column":8},"end":{"line":19,"column":null}},"10":{"start":{"line":21,"column":8},"end":{"line":21,"column":73}},"11":{"start":{"line":22,"column":8},"end":{"line":22,"column":42}},"12":{"start":{"line":24,"column":8},"end":{"line":24,"column":65}},"13":{"start":{"line":25,"column":8},"end":{"line":25,"column":38}},"14":{"start":{"line":27,"column":8},"end":{"line":27,"column":61}},"15":{"start":{"line":28,"column":8},"end":{"line":28,"column":36}},"16":{"start":{"line":32,"column":4},"end":{"line":41,"column":null}},"17":{"start":{"line":32,"column":4},"end":{"line":32,"column":15}},"18":{"start":{"line":33,"column":8},"end":{"line":33,"column":null}},"19":{"start":{"line":35,"column":8},"end":{"line":35,"column":null}},"20":{"start":{"line":36,"column":8},"end":{"line":36,"column":null}},"21":{"start":{"line":37,"column":8},"end":{"line":37,"column":null}},"22":{"start":{"line":39,"column":8},"end":{"line":40,"column":null}},"23":{"start":{"line":40,"column":24},"end":{"line":40,"column":53}},"24":{"start":{"line":43,"column":4},"end":{"line":46,"column":null}},"25":{"start":{"line":44,"column":8},"end":{"line":44,"column":null}},"26":{"start":{"line":45,"column":8},"end":{"line":45,"column":null}},"27":{"start":{"line":48,"column":4},"end":{"line":55,"column":null}},"28":{"start":{"line":49,"column":8},"end":{"line":49,"column":null}},"29":{"start":{"line":50,"column":8},"end":{"line":50,"column":null}},"30":{"start":{"line":51,"column":8},"end":{"line":51,"column":null}},"31":{"start":{"line":52,"column":8},"end":{"line":52,"column":null}},"32":{"start":{"line":53,"column":8},"end":{"line":53,"column":null}},"33":{"start":{"line":7,"column":13},"end":{"line":57,"column":null}},"34":{"start":{"line":57,"column":0},"end":{"line":57,"column":null}},"35":{"start":{"line":7,"column":13},"end":{"line":7,"column":26}}},"fnMap":{"0":{"name":"(anonymous_2)","decl":{"start":{"line":7,"column":0},"end":{"line":7,"column":13}},"loc":{"start":{"line":7,"column":0},"end":{"line":7,"column":13}}},"1":{"name":"MfProductView","decl":{"start":{"line":16,"column":4},"end":{"line":16,"column":24}},"loc":{"start":{"line":16,"column":83},"end":{"line":30,"column":5}}},"2":{"name":"(anonymous_4)","decl":{"start":{"line":32,"column":4},"end":{"line":32,"column":15}},"loc":{"start":{"line":32,"column":4},"end":{"line":41,"column":5}}},"3":{"name":"(anonymous_5)","decl":{"start":{"line":40,"column":18},"end":{"line":40,"column":24}},"loc":{"start":{"line":40,"column":18},"end":{"line":40,"column":28}}},"4":{"name":"(anonymous_6)","decl":{"start":{"line":43,"column":4},"end":{"line":43,"column":30}},"loc":{"start":{"line":43,"column":4},"end":{"line":46,"column":5}}},"5":{"name":"(anonymous_7)","decl":{"start":{"line":48,"column":4},"end":{"line":48,"column":17}},"loc":{"start":{"line":48,"column":4},"end":{"line":55,"column":5}}}},"branchMap":{},"s":{"0":0,"1":0,"2":0,"3":0,"4":0,"5":0,"6":0,"7":0,"8":0,"9":0,"10":0,"11":0,"12":0,"13":0,"14":0,"15":0,"16":0,"17":0,"18":0,"19":0,"20":0,"21":0,"22":0,"23":0,"24":0,"25":0,"26":0,"27":0,"28":0,"29":0,"30":0,"31":0,"32":0,"33":0,"34":0,"35":0},"f":{"0":0,"1":0,"2":0,"3":0,"4":0,"5":0},"b":{}}
,"/home/timo/MyStuff/TTU/iti0208/ofbiz_official/accounting_ui/src/pages/mf-products/mf-products-overview/mf-products-overview.ts": {"path":"/home/timo/MyStuff/TTU/iti0208/ofbiz_official/accounting_ui/src/pages/mf-products/mf-products-overview/mf-products-overview.ts","statementMap":{"0":{"start":{"line":1,"column":0},"end":{"line":1,"column":52}},"1":{"start":{"line":2,"column":0},"end":{"line":2,"column":64}},"2":{"start":{"line":6,"column":0},"end":{"line":6,"column":13}},"3":{"start":{"line":10,"column":24},"end":{"line":10,"column":40}},"4":{"start":{"line":11,"column":8},"end":{"line":11,"column":null}},"5":{"start":{"line":14,"column":12},"end":{"line":17,"column":null}},"6":{"start":{"line":14,"column":4},"end":{"line":14,"column":12}},"7":{"start":{"line":15,"column":8},"end":{"line":16,"column":null}},"8":{"start":{"line":16,"column":25},"end":{"line":16,"column":45}},"9":{"start":{"line":19,"column":4},"end":{"line":35,"column":null}},"10":{"start":{"line":20,"column":8},"end":{"line":20,"column":66}},"11":{"start":{"line":22,"column":8},"end":{"line":26,"column":null}},"12":{"start":{"line":23,"column":12},"end":{"line":23,"column":54}},"13":{"start":{"line":25,"column":12},"end":{"line":25,"column":74}},"14":{"start":{"line":28,"column":8},"end":{"line":32,"column":null}},"15":{"start":{"line":29,"column":12},"end":{"line":29,"column":58}},"16":{"start":{"line":31,"column":12},"end":{"line":31,"column":82}},"17":{"start":{"line":34,"column":8},"end":{"line":34,"column":null}},"18":{"start":{"line":6,"column":13},"end":{"line":36,"column":null}},"19":{"start":{"line":36,"column":0},"end":{"line":36,"column":null}},"20":{"start":{"line":6,"column":13},"end":{"line":6,"column":18}}},"fnMap":{"0":{"name":"(anonymous_2)","decl":{"start":{"line":6,"column":0},"end":{"line":6,"column":13}},"loc":{"start":{"line":6,"column":0},"end":{"line":6,"column":13}}},"1":{"name":"Items","decl":{"start":{"line":10,"column":4},"end":{"line":10,"column":24}},"loc":{"start":{"line":10,"column":54},"end":{"line":12,"column":5}}},"2":{"name":"(anonymous_4)","decl":{"start":{"line":14,"column":4},"end":{"line":14,"column":12}},"loc":{"start":{"line":14,"column":4},"end":{"line":17,"column":5}}},"3":{"name":"(anonymous_5)","decl":{"start":{"line":16,"column":18},"end":{"line":16,"column":21}},"loc":{"start":{"line":16,"column":21},"end":{"line":16,"column":29}}},"4":{"name":"(anonymous_6)","decl":{"start":{"line":19,"column":4},"end":{"line":19,"column":19}},"loc":{"start":{"line":19,"column":83},"end":{"line":35,"column":5}}}},"branchMap":{"0":{"loc":{"start":{"line":22,"column":8},"end":{"line":26,"column":null}},"type":"if","locations":[{"start":{"line":22,"column":8},"end":{"line":26,"column":null}},{"start":{"line":22,"column":8},"end":{"line":26,"column":null}}]},"1":{"loc":{"start":{"line":28,"column":8},"end":{"line":32,"column":null}},"type":"if","locations":[{"start":{"line":28,"column":8},"end":{"line":32,"column":null}},{"start":{"line":28,"column":8},"end":{"line":32,"column":null}}]}},"s":{"0":0,"1":0,"2":0,"3":0,"4":0,"5":0,"6":0,"7":0,"8":0,"9":0,"10":0,"11":0,"12":0,"13":0,"14":0,"15":0,"16":0,"17":0,"18":0,"19":0,"20":0},"f":{"0":0,"1":0,"2":0,"3":0,"4":0},"b":{"0":[0,0],"1":[0,0]}}
,"/home/timo/MyStuff/TTU/iti0208/ofbiz_official/accounting_ui/src/pages/order/new/new.ts": {"path":"/home/timo/MyStuff/TTU/iti0208/ofbiz_official/accounting_ui/src/pages/order/new/new.ts","statementMap":{"0":{"start":{"line":1,"column":0},"end":{"line":1,"column":13}},"1":{"start":{"line":5,"column":8},"end":{"line":5,"column":37}},"2":{"start":{"line":7,"column":0},"end":{"line":7,"column":null}},"3":{"start":{"line":1,"column":13},"end":{"line":1,"column":16}}},"fnMap":{"0":{"name":"(anonymous_0)","decl":{"start":{"line":1,"column":0},"end":{"line":1,"column":13}},"loc":{"start":{"line":1,"column":0},"end":{"line":7,"column":null}}},"1":{"name":"New","decl":{"start":{"line":4,"column":4},"end":{"line":4,"column":null}},"loc":{"start":{"line":4,"column":4},"end":{"line":6,"column":5}}}},"branchMap":{},"s":{"0":0,"1":0,"2":0,"3":0},"f":{"0":0,"1":0},"b":{}}
,"/home/timo/MyStuff/TTU/iti0208/ofbiz_official/accounting_ui/src/pages/order/overview/overview.ts": {"path":"/home/timo/MyStuff/TTU/iti0208/ofbiz_official/accounting_ui/src/pages/order/overview/overview.ts","statementMap":{"0":{"start":{"line":1,"column":0},"end":{"line":1,"column":13}},"1":{"start":{"line":5,"column":8},"end":{"line":5,"column":37}},"2":{"start":{"line":7,"column":0},"end":{"line":7,"column":null}},"3":{"start":{"line":1,"column":13},"end":{"line":1,"column":21}}},"fnMap":{"0":{"name":"(anonymous_0)","decl":{"start":{"line":1,"column":0},"end":{"line":1,"column":13}},"loc":{"start":{"line":1,"column":0},"end":{"line":7,"column":null}}},"1":{"name":"Overview","decl":{"start":{"line":4,"column":4},"end":{"line":4,"column":null}},"loc":{"start":{"line":4,"column":4},"end":{"line":6,"column":5}}}},"branchMap":{},"s":{"0":0,"1":0,"2":0,"3":0},"f":{"0":0,"1":0},"b":{}}
,"/home/timo/MyStuff/TTU/iti0208/ofbiz_official/accounting_ui/src/pages/purchase-invoice/new/new.ts": {"path":"/home/timo/MyStuff/TTU/iti0208/ofbiz_official/accounting_ui/src/pages/purchase-invoice/new/new.ts","statementMap":{"0":{"start":{"line":1,"column":0},"end":{"line":1,"column":47}},"1":{"start":{"line":2,"column":0},"end":{"line":2,"column":47}},"2":{"start":{"line":3,"column":0},"end":{"line":3,"column":54}},"3":{"start":{"line":4,"column":0},"end":{"line":4,"column":64}},"4":{"start":{"line":5,"column":0},"end":{"line":5,"column":60}},"5":{"start":{"line":6,"column":0},"end":{"line":6,"column":41}},"6":{"start":{"line":7,"column":0},"end":{"line":7,"column":102}},"7":{"start":{"line":8,"column":0},"end":{"line":8,"column":79}},"8":{"start":{"line":9,"column":0},"end":{"line":9,"column":43}},"9":{"start":{"line":10,"column":0},"end":{"line":10,"column":62}},"10":{"start":{"line":11,"column":0},"end":{"line":11,"column":51}},"11":{"start":{"line":12,"column":0},"end":{"line":12,"column":51}},"12":{"start":{"line":15,"column":0},"end":{"line":15,"column":13}},"13":{"start":{"line":34,"column":24},"end":{"line":34,"column":38}},"14":{"start":{"line":35,"column":24},"end":{"line":35,"column":40}},"15":{"start":{"line":36,"column":24},"end":{"line":36,"column":47}},"16":{"start":{"line":37,"column":24},"end":{"line":37,"column":36}},"17":{"start":{"line":16,"column":4},"end":{"line":16,"column":37}},"18":{"start":{"line":17,"column":4},"end":{"line":17,"column":38}},"19":{"start":{"line":18,"column":4},"end":{"line":18,"column":31}},"20":{"start":{"line":19,"column":4},"end":{"line":19,"column":26}},"21":{"start":{"line":21,"column":4},"end":{"line":21,"column":23}},"22":{"start":{"line":22,"column":4},"end":{"line":22,"column":27}},"23":{"start":{"line":23,"column":4},"end":{"line":23,"column":23}},"24":{"start":{"line":24,"column":4},"end":{"line":26,"column":6}},"25":{"start":{"line":27,"column":4},"end":{"line":27,"column":22}},"26":{"start":{"line":28,"column":4},"end":{"line":28,"column":39}},"27":{"start":{"line":29,"column":4},"end":{"line":29,"column":30}},"28":{"start":{"line":31,"column":4},"end":{"line":31,"column":18}},"29":{"start":{"line":32,"column":4},"end":{"line":32,"column":43}},"30":{"start":{"line":40,"column":8},"end":{"line":40,"column":64}},"31":{"start":{"line":41,"column":8},"end":{"line":41,"column":25}},"32":{"start":{"line":42,"column":8},"end":{"line":42,"column":24}},"33":{"start":{"line":44,"column":8},"end":{"line":44,"column":37}},"34":{"start":{"line":45,"column":8},"end":{"line":45,"column":42}},"35":{"start":{"line":46,"column":8},"end":{"line":46,"column":59}},"36":{"start":{"line":47,"column":8},"end":{"line":47,"column":43}},"37":{"start":{"line":48,"column":8},"end":{"line":48,"column":61}},"38":{"start":{"line":49,"column":8},"end":{"line":49,"column":65}},"39":{"start":{"line":50,"column":8},"end":{"line":50,"column":44}},"40":{"start":{"line":51,"column":8},"end":{"line":51,"column":45}},"41":{"start":{"line":52,"column":8},"end":{"line":52,"column":63}},"42":{"start":{"line":53,"column":8},"end":{"line":53,"column":42}},"43":{"start":{"line":54,"column":8},"end":{"line":54,"column":41}},"44":{"start":{"line":57,"column":4},"end":{"line":63,"column":null}},"45":{"start":{"line":57,"column":4},"end":{"line":57,"column":12}},"46":{"start":{"line":58,"column":8},"end":{"line":59,"column":51}},"47":{"start":{"line":59,"column":28},"end":{"line":59,"column":50}},"48":{"start":{"line":61,"column":8},"end":{"line":62,"column":59}},"49":{"start":{"line":62,"column":28},"end":{"line":62,"column":58}},"50":{"start":{"line":65,"column":4},"end":{"line":78,"column":null}},"51":{"start":{"line":66,"column":8},"end":{"line":77,"column":22}},"52":{"start":{"line":80,"column":4},"end":{"line":82,"column":null}},"53":{"start":{"line":81,"column":8},"end":{"line":81,"column":null}},"54":{"start":{"line":84,"column":4},"end":{"line":88,"column":null}},"55":{"start":{"line":85,"column":8},"end":{"line":85,"column":45}},"56":{"start":{"line":86,"column":8},"end":{"line":86,"column":31}},"57":{"start":{"line":87,"column":8},"end":{"line":87,"column":33}},"58":{"start":{"line":90,"column":4},"end":{"line":107,"column":null}},"59":{"start":{"line":91,"column":18},"end":{"line":91,"column":44}},"60":{"start":{"line":92,"column":8},"end":{"line":94,"column":null}},"61":{"start":{"line":93,"column":12},"end":{"line":93,"column":28}},"62":{"start":{"line":95,"column":8},"end":{"line":97,"column":null}},"63":{"start":{"line":96,"column":12},"end":{"line":96,"column":31}},"64":{"start":{"line":98,"column":21},"end":{"line":98,"column":28}},"65":{"start":{"line":99,"column":8},"end":{"line":99,"column":56}},"66":{"start":{"line":100,"column":18},"end":{"line":100,"column":25}},"67":{"start":{"line":101,"column":8},"end":{"line":101,"column":92}},"68":{"start":{"line":102,"column":8},"end":{"line":102,"column":48}},"69":{"start":{"line":103,"column":8},"end":{"line":103,"column":100}},"70":{"start":{"line":104,"column":8},"end":{"line":104,"column":56}},"71":{"start":{"line":105,"column":8},"end":{"line":105,"column":31}},"72":{"start":{"line":106,"column":8},"end":{"line":106,"column":33}},"73":{"start":{"line":109,"column":4},"end":{"line":115,"column":null}},"74":{"start":{"line":110,"column":20},"end":{"line":110,"column":21}},"75":{"start":{"line":111,"column":8},"end":{"line":113,"column":null}},"76":{"start":{"line":111,"column":22},"end":{"line":111,"column":26}},"77":{"start":{"line":111,"column":22},"end":{"line":111,"column":31}},"78":{"start":{"line":111,"column":18},"end":{"line":111,"column":22}},"79":{"start":{"line":112,"column":12},"end":{"line":112,"column":32}},"80":{"start":{"line":114,"column":8},"end":{"line":114,"column":40}},"81":{"start":{"line":117,"column":4},"end":{"line":123,"column":null}},"82":{"start":{"line":118,"column":20},"end":{"line":118,"column":21}},"83":{"start":{"line":119,"column":8},"end":{"line":121,"column":null}},"84":{"start":{"line":119,"column":22},"end":{"line":119,"column":26}},"85":{"start":{"line":119,"column":22},"end":{"line":119,"column":31}},"86":{"start":{"line":119,"column":18},"end":{"line":119,"column":22}},"87":{"start":{"line":120,"column":12},"end":{"line":120,"column":36}},"88":{"start":{"line":122,"column":8},"end":{"line":122,"column":42}},"89":{"start":{"line":125,"column":4},"end":{"line":134,"column":null}},"90":{"start":{"line":125,"column":4},"end":{"line":125,"column":17}},"
[...]
,"/home/timo/MyStuff/TTU/iti0208/ofbiz_official/accounting_ui/src/service/contact-mech-service.ts": {"path":"/home/timo/MyStuff/TTU/iti0208/ofbiz_official/accounting_ui/src/service/contact-mech-service.ts","statementMap":{"0":{"start":{"line":1,"column":0},"end":{"line":1,"column":34}},"1":{"start":{"line":4,"column":0},"end":{"line":4,"column":null}},"2":{"start":{"line":4,"column":40},"end":{"line":4,"column":47}},"3":{"start":{"line":5,"column":4},"end":{"line":7,"column":null}},"4":{"start":{"line":6,"column":8},"end":{"line":6,"column":49}},"5":{"start":{"line":9,"column":4},"end":{"line":11,"column":null}},"6":{"start":{"line":10,"column":8},"end":{"line":10,"column":null}},"7":{"start":{"line":12,"column":0},"end":{"line":12,"column":null}},"8":{"start":{"line":4,"column":13},"end":{"line":4,"column":31}}},"fnMap":{"0":{"name":"(anonymous_6)","decl":{"start":{"line":4,"column":0},"end":{"line":4,"column":13}},"loc":{"start":{"line":4,"column":0},"end":{"line":12,"column":null}}},"1":{"name":"(anonymous_8)","decl":{"start":{"line":5,"column":4},"end":{"line":5,"column":10}},"loc":{"start":{"line":5,"column":4},"end":{"line":7,"column":5}}},"2":{"name":"(anonymous_9)","decl":{"start":{"line":9,"column":4},"end":{"line":9,"column":10}},"loc":{"start":{"line":9,"column":35},"end":{"line":11,"column":5}}}},"branchMap":{},"s":{"0":0,"1":0,"2":0,"3":0,"4":0,"5":0,"6":0,"7":0,"8":0},"f":{"0":0,"1":0,"2":0},"b":{}}
,"/home/timo/MyStuff/TTU/iti0208/ofbiz_official/accounting_ui/src/service/invoice-service.ts": {"path":"/home/timo/MyStuff/TTU/iti0208/ofbiz_official/accounting_ui/src/service/invoice-service.ts","statementMap":{"0":{"start":{"line":1,"column":0},"end":{"line":1,"column":34}},"1":{"start":{"line":5,"column":0},"end":{"line":5,"column":null}},"2":{"start":{"line":5,"column":36},"end":{"line":5,"column":43}},"3":{"start":{"line":7,"column":4},"end":{"line":9,"column":null}},"4":{"start":{"line":8,"column":8},"end":{"line":8,"column":45}},"5":{"start":{"line":11,"column":4},"end":{"line":13,"column":null}},"6":{"start":{"line":12,"column":8},"end":{"line":12,"column":82}},"7":{"start":{"line":15,"column":4},"end":{"line":17,"column":null}},"8":{"start":{"line":16,"column":8},"end":{"line":16,"column":79}},"9":{"start":{"line":19,"column":4},"end":{"line":23,"column":null}},"10":{"start":{"line":21,"column":8},"end":{"line":21,"column":null}},"11":{"start":{"line":22,"column":8},"end":{"line":22,"column":64}},"12":{"start":{"line":25,"column":14},"end":{"line":27,"column":null}},"13":{"start":{"line":26,"column":8},"end":{"line":26,"column":72}},"14":{"start":{"line":28,"column":0},"end":{"line":28,"column":null}},"15":{"start":{"line":5,"column":13},"end":{"line":5,"column":27}}},"fnMap":{"0":{"name":"(anonymous_6)","decl":{"start":{"line":5,"column":0},"end":{"line":5,"column":13}},"loc":{"start":{"line":5,"column":0},"end":{"line":28,"column":null}}},"1":{"name":"(anonymous_8)","decl":{"start":{"line":7,"column":4},"end":{"line":7,"column":10}},"loc":{"start":{"line":7,"column":4},"end":{"line":9,"column":5}}},"2":{"name":"(anonymous_9)","decl":{"start":{"line":11,"column":4},"end":{"line":11,"column":15}},"loc":{"start":{"line":11,"column":4},"end":{"line":13,"column":5}}},"3":{"name":"(anonymous_10)","decl":{"start":{"line":15,"column":4},"end":{"line":15,"column":15}},"loc":{"start":{"line":15,"column":4},"end":{"line":17,"column":5}}},"4":{"name":"(anonymous_11)","decl":{"start":{"line":19,"column":4},"end":{"line":19,"column":17}},"loc":{"start":{"line":19,"column":34},"end":{"line":23,"column":5}}},"5":{"name":"(anonymous_12)","decl":{"start":{"line":25,"column":4},"end":{"line":25,"column":14}},"loc":{"start":{"line":25,"column":56},"end":{"line":27,"column":5}}}},"branchMap":{},"s":{"0":0,"1":0,"2":0,"3":0,"4":0,"5":0,"6":0,"7":0,"8":0,"9":0,"10":0,"11":0,"12":0,"13":0,"14":0,"15":0},"f":{"0":0,"1":0,"2":0,"3":0,"4":0,"5":0},"b":{}}
,"/home/timo/MyStuff/TTU/iti0208/ofbiz_official/accounting_ui/src/service/order-service.ts": {"path":"/home/timo/MyStuff/TTU/iti0208/ofbiz_official/accounting_ui/src/service/order-service.ts","statementMap":{"0":{"start":{"line":1,"column":0},"end":{"line":1,"column":34}},"1":{"start":{"line":4,"column":0},"end":{"line":4,"column":null}},"2":{"start":{"line":4,"column":34},"end":{"line":4,"column":41}},"3":{"start":{"line":6,"column":4},"end":{"line":8,"column":null}},"4":{"start":{"line":7,"column":8},"end":{"line":7,"column":50}},"5":{"start":{"line":10,"column":4},"end":{"line":12,"column":null}},"6":{"start":{"line":11,"column":8},"end":{"line":11,"column":null}},"7":{"start":{"line":14,"column":4},"end":{"line":16,"column":null}},"8":{"start":{"line":15,"column":8},"end":{"line":15,"column":null}},"9":{"start":{"line":18,"column":4},"end":{"line":20,"column":null}},"10":{"start":{"line":19,"column":8},"end":{"line":19,"column":null}},"11":{"start":{"line":21,"column":0},"end":{"line":21,"column":null}},"12":{"start":{"line":4,"column":13},"end":{"line":4,"column":25}}},"fnMap":{"0":{"name":"(anonymous_6)","decl":{"start":{"line":4,"column":0},"end":{"line":4,"column":13}},"loc":{"start":{"line":4,"column":0},"end":{"line":21,"column":null}}},"1":{"name":"(anonymous_8)","decl":{"start":{"line":6,"column":4},"end":{"line":6,"column":10}},"loc":{"start":{"line":6,"column":4},"end":{"line":8,"column":5}}},"2":{"name":"(anonymous_9)","decl":{"start":{"line":10,"column":4},"end":{"line":10,"column":10}},"loc":{"start":{"line":10,"column":23},"end":{"line":12,"column":5}}},"3":{"name":"(anonymous_10)","decl":{"start":{"line":14,"column":4},"end":{"line":14,"column":10}},"loc":{"start":{"line":14,"column":23},"end":{"line":16,"column":5}}},"4":{"name":"(anonymous_11)","decl":{"start":{"line":18,"column":4},"end":{"line":18,"column":15}},"loc":{"start":{"line":18,"column":28},"end":{"line":20,"column":5}}}},"branchMap":{},"s":{"0":0,"1":0,"2":0,"3":0,"4":0,"5":0,"6":0,"7":0,"8":0,"9":0,"10":0,"11":0,"12":0},"f":{"0":0,"1":0,"2":0,"3":0,"4":0},"b":{}}
,"/home/timo/MyStuff/TTU/iti0208/ofbiz_official/accounting_ui/src/service/party-service.ts": {"path":"/home/timo/MyStuff/TTU/iti0208/ofbiz_official/accounting_ui/src/service/party-service.ts","statementMap":{"0":{"start":{"line":1,"column":0},"end":{"line":1,"column":34}},"1":{"start":{"line":6,"column":0},"end":{"line":6,"column":null}},"2":{"start":{"line":6,"column":34},"end":{"line":6,"column":41}},"3":{"start":{"line":7,"column":4},"end":{"line":9,"column":null}},"4":{"start":{"line":8,"column":8},"end":{"line":8,"column":43}},"5":{"start":{"line":11,"column":4},"end":{"line":13,"column":null}},"6":{"start":{"line":12,"column":8},"end":{"line":12,"column":82}},"7":{"start":{"line":15,"column":4},"end":{"line":17,"column":null}},"8":{"start":{"line":16,"column":8},"end":{"line":16,"column":null}},"9":{"start":{"line":19,"column":4},"end":{"line":21,"column":null}},"10":{"start":{"line":20,"column":8},"end":{"line":20,"column":null}},"11":{"start":{"line":23,"column":4},"end":{"line":25,"column":null}},"12":{"start":{"line":24,"column":8},"end":{"line":24,"column":null}},"13":{"start":{"line":27,"column":4},"end":{"line":29,"column":null}},"14":{"start":{"line":28,"column":8},"end":{"line":28,"column":null}},"15":{"start":{"line":31,"column":4},"end":{"line":33,"column":null}},"16":{"start":{"line":32,"column":8},"end":{"line":32,"column":null}},"17":{"start":{"line":35,"column":0},"end":{"line":35,"column":null}},"18":{"start":{"line":6,"column":13},"end":{"line":6,"column":25}}},"fnMap":{"0":{"name":"(anonymous_6)","decl":{"start":{"line":6,"column":0},"end":{"line":6,"column":13}},"loc":{"start":{"line":6,"column":0},"end":{"line":35,"column":null}}},"1":{"name":"(anonymous_8)","decl":{"start":{"line":7,"column":4},"end":{"line":7,"column":10}},"loc":{"start":{"line":7,"column":4},"end":{"line":9,"column":5}}},"2":{"name":"(anonymous_9)","decl":{"start":{"line":11,"column":4},"end":{"line":11,"column":17}},"loc":{"start":{"line":11,"column":4},"end":{"line":13,"column":5}}},"3":{"name":"(anonymous_10)","decl":{"start":{"line":15,"column":4},"end":{"line":15,"column":29}},"loc":{"start":{"line":15,"column":45},"end":{"line":17,"column":5}}},"4":{"name":"(anonymous_11)","decl":{"start":{"line":19,"column":4},"end":{"line":19,"column":34}},"loc":{"start":{"line":19,"column":50},"end":{"line":21,"column":5}}},"5":{"name":"(anonymous_12)","decl":{"start":{"line":23,"column":4},"end":{"line":23,"column":10}},"loc":{"start":{"line":23,"column":23},"end":{"line":25,"column":5}}},"6":{"name":"(anonymous_13)","decl":{"start":{"line":27,"column":4},"end":{"line":27,"column":24}},"loc":{"start":{"line":27,"column":55},"end":{"line":29,"column":5}}},"7":{"name":"(anonymous_14)","decl":{"start":{"line":31,"column":4},"end":{"line":31,"column":29}},"loc":{"start":{"line":31,"column":70},"end":{"line":33,"column":5}}}},"branchMap":{},"s":{"0":0,"1":0,"2":0,"3":0,"4":0,"5":0,"6":0,"7":0,"8":0,"9":0,"10":0,"11":0,"12":0,"13":0,"14":0,"15":0,"16":0,"17":0,"18":0},"f":{"0":0,"1":0,"2":0,"3":0,"4":0,"5":0,"6":0,"7":0},"b":{}}
,"/home/timo/MyStuff/TTU/iti0208/ofbiz_official/accounting_ui/src/service/product-service.ts": {"path":"/home/timo/MyStuff/TTU/iti0208/ofbiz_official/accounting_ui/src/service/product-service.ts","statementMap":{"0":{"start":{"line":1,"column":0},"end":{"line":1,"column":34}},"1":{"start":{"line":4,"column":0},"end":{"line":4,"column":null}},"2":{"start":{"line":4,"column":36},"end":{"line":4,"column":43}},"3":{"start":{"line":6,"column":4},"end":{"line":8,"column":null}},"4":{"start":{"line":7,"column":8},"end":{"line":7,"column":45}},"5":{"start":{"line":10,"column":4},"end":{"line":12,"column":null}},"6":{"start":{"line":11,"column":8},"end":{"line":11,"column":null}},"7":{"start":{"line":14,"column":4},"end":{"line":16,"column":null}},"8":{"start":{"line":15,"column":8},"end":{"line":15,"column":null}},"9":{"start":{"line":18,"column":4},"end":{"line":20,"column":null}},"10":{"start":{"line":19,"column":8},"end":{"line":19,"column":null}},"11":{"start":{"line":22,"column":0},"end":{"line":22,"column":null}},"12":{"start":{"line":4,"column":13},"end":{"line":4,"column":27}}},"fnMap":{"0":{"name":"(anonymous_6)","decl":{"start":{"line":4,"column":0},"end":{"line":4,"column":13}},"loc":{"start":{"line":4,"column":0},"end":{"line":22,"column":null}}},"1":{"name":"(anonymous_8)","decl":{"start":{"line":6,"column":4},"end":{"line":6,"column":10}},"loc":{"start":{"line":6,"column":4},"end":{"line":8,"column":5}}},"2":{"name":"(anonymous_9)","decl":{"start":{"line":10,"column":4},"end":{"line":10,"column":10}},"loc":{"start":{"line":10,"column":27},"end":{"line":12,"column":5}}},"3":{"name":"(anonymous_10)","decl":{"start":{"line":14,"column":4},"end":{"line":14,"column":10}},"loc":{"start":{"line":14,"column":27},"end":{"line":16,"column":5}}},"4":{"name":"(anonymous_11)","decl":{"start":{"line":18,"column":4},"end":{"line":18,"column":17}},"loc":{"start":{"line":18,"column":34},"end":{"line":20,"column":5}}}},"branchMap":{},"s":{"0":0,"1":0,"2":0,"3":0,"4":0,"5":0,"6":0,"7":0,"8":0,"9":0,"10":0,"11":0,"12":0},"f":{"0":0,"1":0,"2":0,"3":0,"4":0},"b":{}}
,"/home/timo/MyStuff/TTU/iti0208/ofbiz_official/accounting_ui/src/service/service.ts": {"path":"/home/timo/MyStuff/TTU/iti0208/ofbiz_official/accounting_ui/src/service/service.ts","statementMap":{"0":{"start":{"line":1,"column":0},"end":{"line":1,"column":45}},"1":{"start":{"line":2,"column":0},"end":{"line":2,"column":54}},"2":{"start":{"line":4,"column":26},"end":{"line":4,"column":35}},"3":{"start":{"line":5,"column":26},"end":{"line":5,"column":263}},"4":{"start":{"line":8,"column":0},"end":{"line":8,"column":13}},"5":{"start":{"line":9,"column":26},"end":{"line":9,"column":32}},"6":{"start":{"line":10,"column":8},"end":{"line":38,"column":11}},"7":{"start":{"line":11,"column":12},"end":{"line":37,"column":19}},"8":{"start":{"line":22,"column":24},"end":{"line":22,"column":84}},"9":{"start":{"line":23,"column":24},"end":{"line":23,"column":39}},"10":{"start":{"line":26,"column":24},"end":{"line":26,"column":66}},"11":{"start":{"line":27,"column":24},"end":{"line":27,"column":36}},"12":{"start":{"line":30,"column":24},"end":{"line":30,"column":84}},"13":{"start":{"line":31,"column":24},"end":{"line":31,"column":40}},"14":{"start":{"line":34,"column":24},"end":{"line":34,"column":67}},"15":{"start":{"line":35,"column":24},"end":{"line":35,"column":36}},"16":{"start":{"line":41,"column":14},"end":{"line":47,"column":null}},"17":{"start":{"line":42,"column":20},"end":{"line":42,"column":38}},"18":{"start":{"line":43,"column":22},"end":{"line":45,"column":22}},"19":{"start":{"line":44,"column":22},"end":{"line":44,"column":52}},"20":{"start":{"line":46,"column":8},"end":{"line":46,"column":58}},"21":{"start":{"line":49,"column":4},"end":{"line":53,"column":null}},"22":{"start":{"line":49,"column":21},"end":{"line":49,"column":null}},"23":{"start":{"line":50,"column":29},"end":{"line":50,"column":56}},"24":{"start":{"line":51,"column":8},"end":{"line":52,"column":null}},"25":{"start":{"line":52,"column":30},"end":{"line":52,"column":46}},"26":{"start":{"line":55,"column":4},"end":{"line":61,"column":null}},"27":{"start":{"line":56,"column":8},"end":{"line":56,"column":32}},"28":{"start":{"line":57,"column":8},"end":{"line":60,"column":45}},"29":{"start":{"line":60,"column":28},"end":{"line":60,"column":44}},"30":{"start":{"line":63,"column":4},"end":{"line":69,"column":null}},"31":{"start":{"line":64,"column":8},"end":{"line":64,"column":32}},"32":{"start":{"line":65,"column":8},"end":{"line":68,"column":45}},"33":{"start":{"line":68,"column":28},"end":{"line":68,"column":44}},"34":{"start":{"line":71,"column":4},"end":{"line":73,"column":null}},"35":{"start":{"line":8,"column":13},"end":{"line":74,"column":null}},"36":{"start":{"line":74,"column":0},"end":{"line":74,"column":null}},"37":{"start":{"line":8,"column":13},"end":{"line":8,"column":20}}},"fnMap":{"0":{"name":"(anonymous_2)","decl":{"start":{"line":8,"column":0},"end":{"line":8,"column":13}},"loc":{"start":{"line":8,"column":0},"end":{"line":8,"column":13}}},"1":{"name":"Service","decl":{"start":{"line":9,"column":4},"end":{"line":9,"column":26}},"loc":{"start":{"line":9,"column":42},"end":{"line":39,"column":5}}},"2":{"name":"(anonymous_4)","decl":{"start":{"line":10,"column":28},"end":{"line":10,"column":34}},"loc":{"start":{"line":10,"column":34},"end":{"line":38,"column":9}}},"3":{"name":"(anonymous_5)","decl":{"start":{"line":21,"column":27},"end":{"line":21,"column":28}},"loc":{"start":{"line":21,"column":35},"end":{"line":24,"column":21}}},"4":{"name":"(anonymous_6)","decl":{"start":{"line":25,"column":32},"end":{"line":25,"column":33}},"loc":{"start":{"line":25,"column":38},"end":{"line":28,"column":21}}},"5":{"name":"(anonymous_7)","decl":{"start":{"line":29,"column":28},"end":{"line":29,"column":29}},"loc":{"start":{"line":29,"column":37},"end":{"line":32,"column":21}}},"6":{"name":"(anonymous_8)","decl":{"start":{"line":33,"column":33},"end":{"line":33,"column":34}},"loc":{"start":{"line":33,"column":39},"end":{"line":36,"column":21}}},"7":{"name":"(anonymous_9)","decl":{"start":{"line":41,"column":4},"end":{"line":41,"column":14}},"loc":{"start":{"line":41,"column":51},"end":{"line":47,"column":5}}},"8":{"name":"(anonymous_10)","decl":{"start":{"line":44,"column":17},"end":{"line":44,"column":18}},"loc":{"start":{"line":44,"column":18},"end":{"line":44,"column":25}}},"9":{"name":"(anonymous_11)","decl":{"start":{"line":49,"column":4},"end":{"line":49,"column":7}},"loc":{"start":{"line":49,"column":40},"end":{"line":53,"column":5}}},"10":{"name":"(anonymous_12)","decl":{"start":{"line":52,"column":18},"end":{"line":52,"column":26}},"loc":{"start":{"line":52,"column":26},"end":{"line":52,"column":38}}},"11":{"name":"(anonymous_13)","decl":{"start":{"line":55,"column":4},"end":{"line":55,"column":8}},"loc":{"start":{"line":55,"column":31},"end":{"line":61,"column":5}}},"12":{"name":"(anonymous_14)","decl":{"start":{"line":60,"column":16},"end":{"line":60,"column":24}},"loc":{"start":{"line":60,"column":24},"end":{"line":60,"column":36}}},"13":{"name":"(anonymous_15)","decl":{"start":{"line":63,"column":4},"end":{"line":63,"column":7}},"loc":{"start":{"line":63,"column":30},"end":{"line":69,"column":5}}},"14":{"name":"(anonymous_16)","decl":{"start":{"line":68,"column":16},"end":{"line":68,"column":24}},"loc":{"start":{"line":68,"column":24},"end":{"line":68,"column":36}}},"15":{"name":"(anonymous_17)","decl":{"start":{"line":71,"column":4},"end":{"line":71,"column":10}},"loc":{"start":{"line":71,"column":33},"end":{"line":73,"column":5}}}},"branchMap":{"0":{"loc":{"start":{"line":46,"column":34},"end":{"line":46,"column":51}},"type":"cond-expr","locations":[{"start":{"line":46,"column":34},"end":{"line":46,"column":51}},{"start":{"line":46,"column":54},"end":{"line":46,"column":57}}]},"1":{"loc":{"start":{"line":49,"column":21},"end":{"line":49,"column":null}},"type":"if","locations":[{"start":{"line":49,"column":21},"end":{"line":49,"column":null}},{"start":{"line":49,"column":21},"end":{"line":49,"column":null}}]}},"s":{"0":1,"1":1,"2":1,"3":1,"4":1,"5":0,"6":0,"7":0,"8":0,"9":0,"10":0,"11":0,"12":0,"13":0,"14":0,"15":0,"16":1,"17":0,"18":0,"19":0,"20":0,"21":1,"22":0,"23":0,"24":0,"25":0,"26":1,"27":0,"28":0,"29":0,"30":1,"31":0,"32":0,"33":0,"34":1,"35":1,"36":1,"37":1},"f":{"0":1,"1":0,"2":0,"3":0,"4":0,"5":0,"6":0,"7":0,"8":0,"9":0,"10":0,"11":0,"12":0,"13":0,"14":0,"15":0},"b":{"0":[0,0],"1":[0,0]}}
,"/home/timo/MyStuff/TTU/iti0208/ofbiz_official/accounting_ui/src/util/time-utils.ts": {"path":"/home/timo/MyStuff/TTU/iti0208/ofbiz_official/accounting_ui/src/util/time-utils.ts","statementMap":{"0":{"start":{"line":2,"column":0},"end":{"line":2,"column":13}},"1":{"start":{"line":3,"column":11},"end":{"line":9,"column":null}},"2":{"start":{"line":4,"column":21},"end":{"line":4,"column":33}},"3":{"start":{"line":5,"column":21},"end":{"line":5,"column":39}},"4":{"start":{"line":6,"column":22},"end":{"line":6,"column":61}},"5":{"start":{"line":7,"column":20},"end":{"line":7,"column":52}},"6":{"start":{"line":8,"column":8},"end":{"line":8,"column":41}},"7":{"start":{"line":11,"column":11},"end":{"line":16,"column":null}},"8":{"start":{"line":12,"column":18},"end":{"line":12,"column":33}},"9":{"start":{"line":13,"column":16},"end":{"line":13,"column":31}},"10":{"start":{"line":14,"column":16},"end":{"line":14,"column":31}},"11":{"start":{"line":15,"column":8},"end":{"line":15,"column":35}},"12":{"start":{"line":18,"column":11},"end":{"line":22,"column":null}},"13":{"start":{"line":19,"column":23},"end":{"line":19,"column":37}},"14":{"start":{"line":20,"column":8},"end":{"line":20,"column":48}},"15":{"start":{"line":21,"column":8},"end":{"line":21,"column":22}},"16":{"start":{"line":23,"column":0},"end":{"line":23,"column":null}},"17":{"start":{"line":2,"column":13},"end":{"line":2,"column":22}}},"fnMap":{"0":{"name":"(anonymous_0)","decl":{"start":{"line":2,"column":0},"end":{"line":2,"column":13}},"loc":{"start":{"line":2,"column":0},"end":{"line":23,"column":null}}},"1":{"name":"(anonymous_2)","decl":{"start":{"line":3,"column":4},"end":{"line":3,"column":11}},"loc":{"start":{"line":3,"column":33},"end":{"line":9,"column":5}}},"2":{"name":"(anonymous_3)","decl":{"start":{"line":11,"column":4},"end":{"line":11,"column":11}},"loc":{"start":{"line":11,"column":20},"end":{"line":16,"column":5}}},"3":{"name":"(anonymous_4)","decl":{"start":{"line":18,"column":4},"end":{"line":18,"column":11}},"loc":{"start":{"line":18,"column":29},"end":{"line":22,"column":5}}}},"branchMap":{},"s":{"0":0,"1":0,"2":0,"3":0,"4":0,"5":0,"6":0,"7":0,"8":0,"9":0,"10":0,"11":0,"12":0,"13":0,"14":0,"15":0,"16":0,"17":0},"f":{"0":0,"1":0,"2":0,"3":0},"b":{}}
}
