TN:
SF:/home/timo/MyStuff/TTU/iti0208/ofbiz_official/accounting_ui/src/app.ts
FN:9,(anonymous_2)
FN:42,app
FN:16,(anonymous_4)
FN:47,(anonymous_5)
FNF:4
FNH:1
FNDA:1,(anonymous_2)
FNDA:0,app
FNDA:0,(anonymous_4)
FNDA:0,(anonymous_5)
DA:1,1
DA:2,1
DA:3,1
DA:5,1
DA:6,1
DA:9,1
DA:12,0
DA:16,1
DA:17,0
DA:18,0
DA:19,0
DA:20,0
DA:21,0
DA:22,0
DA:38,0
DA:39,0
DA:42,0
DA:43,0
DA:47,1
DA:52,1
LF:20
LH:9
BRF:0
BRH:0
end_of_record
TN:
SF:/home/timo/MyStuff/TTU/iti0208/ofbiz_official/accounting_ui/src/main.ts
FN:6,configure
FN:20,(anonymous_1)
FNF:2
FNH:0
FNDA:0,configure
FNDA:0,(anonymous_1)
DA:2,0
DA:3,0
DA:6,0
DA:7,0
DA:13,0
DA:15,0
DA:16,0
DA:20,0
LF:8
LH:0
BRDA:13,0,0,0
BRDA:13,0,1,0
BRDA:15,1,0,0
BRDA:15,1,1,0
BRF:4
BRH:0
end_of_record
TN:
SF:/home/timo/MyStuff/TTU/iti0208/ofbiz_official/accounting_ui/src/mf-app.ts
FN:9,(anonymous_2)
FN:46,app
FN:16,(anonymous_4)
FN:51,(anonymous_5)
FNF:4
FNH:0
FNDA:0,(anonymous_2)
FNDA:0,app
FNDA:0,(anonymous_4)
FNDA:0,(anonymous_5)
DA:1,0
DA:2,0
DA:3,0
DA:5,0
DA:6,0
DA:9,0
DA:12,0
DA:16,0
DA:17,0
DA:18,0
DA:19,0
DA:20,0
DA:21,0
DA:22,0
DA:42,0
DA:43,0
DA:46,0
DA:47,0
DA:51,0
DA:56,0
LF:20
LH:0
BRF:0
BRH:0
end_of_record
TN:
SF:/home/timo/MyStuff/TTU/iti0208/ofbiz_official/accounting_ui/src/components/header/header.ts
FN:3,(anonymous_2)
FN:6,(anonymous_4)
FNF:2
FNH:0
FNDA:0,(anonymous_2)
FNDA:0,(anonymous_4)
DA:1,0
DA:3,0
DA:4,0
DA:6,0
DA:9,0
LF:5
LH:0
BRF:0
BRH:0
end_of_record
TN:
SF:/home/timo/MyStuff/TTU/iti0208/ofbiz_official/accounting_ui/src/components/mf-sidenav/mf-sidenav.ts
FN:3,(anonymous_2)
FN:6,(anonymous_4)
FN:10,(anonymous_5)
FNF:3
FNH:1
FNDA:1,(anonymous_2)
FNDA:0,(anonymous_4)
FNDA:0,(anonymous_5)
DA:1,1
DA:3,1
DA:4,1
DA:6,1
DA:10,1
DA:11,0
DA:13,1
LF:7
LH:6
BRF:0
BRH:0
end_of_record
TN:
SF:/home/timo/MyStuff/TTU/iti0208/ofbiz_official/accounting_ui/src/components/sidenav/sidenav.ts
FN:3,(anonymous_2)
FN:6,(anonymous_4)
FN:10,(anonymous_5)
FNF:3
FNH:0
FNDA:0,(anonymous_2)
FNDA:0,(anonymous_4)
FNDA:0,(anonymous_5)
DA:1,0
DA:3,0
DA:4,0
DA:6,0
DA:10,0
DA:11,0
DA:13,0
LF:7
LH:0
BRF:0
BRH:0
end_of_record
TN:
SF:/home/timo/MyStuff/TTU/iti0208/ofbiz_official/accounting_ui/src/model/account-row.ts
FN:3,(anonymous_0)
FNF:1
FNH:0
FNDA:0,(anonymous_0)
DA:3,0
DA:9,0
DA:15,0
LF:3
LH:0
BRF:0
BRH:0
end_of_record
TN:
SF:/home/timo/MyStuff/TTU/iti0208/ofbiz_official/accounting_ui/src/model/billing-account.ts
FN:3,(anonymous_6)
FNF:1
FNH:0
FNDA:0,(anonymous_6)
DA:1,0
DA:3,0
DA:5,0
DA:6,0
DA:7,0
DA:9,0
DA:12,0
DA:13,0
DA:17,0
DA:18,0
LF:10
LH:0
BRDA:3,0,0,0
BRDA:3,0,1,0
BRDA:3,0,2,0
BRF:3
BRH:0
end_of_record
TN:
SF:/home/timo/MyStuff/TTU/iti0208/ofbiz_official/accounting_ui/src/model/contact-mech.ts
FN:3,(anonymous_6)
FNF:1
FNH:0
FNDA:0,(anonymous_6)
DA:1,0
DA:3,0
DA:5,0
DA:7,0
DA:8,0
DA:9,0
DA:10,0
DA:11,0
DA:13,0
LF:9
LH:0
BRDA:3,0,0,0
BRDA:3,0,1,0
BRDA:3,0,2,0
BRF:3
BRH:0
end_of_record
TN:
SF:/home/timo/MyStuff/TTU/iti0208/ofbiz_official/accounting_ui/src/model/invoice-item.ts
FN:3,(anonymous_6)
FNF:1
FNH:0
FNDA:0,(anonymous_6)
DA:1,0
DA:3,0
DA:4,0
DA:6,0
DA:7,0
DA:8,0
DA:10,0
DA:13,0
DA:15,0
DA:16,0
LF:10
LH:0
BRDA:3,0,0,0
BRDA:3,0,1,0
BRDA:3,0,2,0
BRF:3
BRH:0
end_of_record
TN:
SF:/home/timo/MyStuff/TTU/iti0208/ofbiz_official/accounting_ui/src/model/invoice.ts
FN:4,(anonymous_6)
FNF:1
FNH:0
FNDA:0,(anonymous_6)
DA:2,0
DA:4,0
DA:5,0
DA:7,0
DA:8,0
DA:10,0
DA:13,0
DA:14,0
DA:15,0
DA:16,0
DA:17,0
DA:19,0
DA:20,0
LF:13
LH:0
BRDA:4,0,0,0
BRDA:4,0,1,0
BRDA:4,0,2,0
BRF:3
BRH:0
end_of_record
TN:
SF:/home/timo/MyStuff/TTU/iti0208/ofbiz_official/accounting_ui/src/model/item-type.ts
FN:1,(anonymous_0)
FNF:1
FNH:0
FNDA:0,(anonymous_0)
DA:1,0
DA:10,0
LF:2
LH:0
BRF:0
BRH:0
end_of_record
TN:
SF:/home/timo/MyStuff/TTU/iti0208/ofbiz_official/accounting_ui/src/model/model.ts
FN:2,(anonymous_0)
FN:4,(anonymous_2)
FNF:2
FNH:0
FNDA:0,(anonymous_0)
FNDA:0,(anonymous_2)
DA:2,0
DA:4,0
DA:5,0
DA:6,0
DA:7,0
DA:8,0
DA:9,0
DA:12,0
DA:13,0
DA:15,0
DA:18,0
DA:20,0
LF:12
LH:0
BRDA:8,0,0,0
BRDA:8,0,1,0
BRDA:8,1,0,0
BRDA:8,1,1,0
BRDA:12,2,0,0
BRDA:12,2,1,0
BRF:6
BRH:0
end_of_record
TN:
SF:/home/timo/MyStuff/TTU/iti0208/ofbiz_official/accounting_ui/src/model/order.ts
FN:3,(anonymous_6)
FNF:1
FNH:0
FNDA:0,(anonymous_6)
DA:1,0
DA:3,0
DA:5,0
DA:6,0
DA:7,0
DA:10,0
DA:12,0
DA:13,0
DA:14,0
LF:9
LH:0
BRDA:3,0,0,0
BRDA:3,0,1,0
BRDA:3,0,2,0
BRF:3
BRH:0
end_of_record
TN:
SF:/home/timo/MyStuff/TTU/iti0208/ofbiz_official/accounting_ui/src/model/party-and-contact-mech.ts
FN:3,(anonymous_6)
FNF:1
FNH:0
FNDA:0,(anonymous_6)
DA:1,0
DA:3,0
DA:5,0
DA:6,0
DA:17,0
DA:18,0
DA:25,0
DA:26,0
DA:29,0
DA:33,0
LF:10
LH:0
BRDA:3,0,0,0
BRDA:3,0,1,0
BRDA:3,0,2,0
BRF:3
BRH:0
end_of_record
TN:
SF:/home/timo/MyStuff/TTU/iti0208/ofbiz_official/accounting_ui/src/model/party-and-person.ts
FN:3,(anonymous_6)
FNF:1
FNH:0
FNDA:0,(anonymous_6)
DA:1,0
DA:3,0
DA:11,0
DA:14,0
DA:15,0
DA:25,0
DA:30,0
DA:31,0
DA:35,0
DA:38,0
LF:10
LH:0
BRDA:3,0,0,0
BRDA:3,0,1,0
BRDA:3,0,2,0
BRF:3
BRH:0
end_of_record
TN:
SF:/home/timo/MyStuff/TTU/iti0208/ofbiz_official/accounting_ui/src/model/party.ts
FN:5,(anonymous_6)
FNF:1
FNH:0
FNDA:0,(anonymous_6)
DA:1,0
DA:2,0
DA:3,0
DA:5,0
DA:8,0
DA:9,0
DA:11,0
DA:12,0
DA:13,0
DA:14,0
DA:15,0
DA:16,0
DA:17,0
LF:13
LH:0
BRDA:5,0,0,0
BRDA:5,0,1,0
BRDA:5,0,2,0
BRF:3
BRH:0
end_of_record
TN:
SF:/home/timo/MyStuff/TTU/iti0208/ofbiz_official/accounting_ui/src/model/product.ts
FN:3,(anonymous_6)
FNF:1
FNH:0
FNDA:0,(anonymous_6)
DA:1,0
DA:3,0
DA:5,0
DA:7,0
DA:8,0
DA:11,0
DA:13,0
DA:14,0
DA:15,0
LF:9
LH:0
BRDA:3,0,0,0
BRDA:3,0,1,0
BRDA:3,0,2,0
BRF:3
BRH:0
end_of_record
TN:
SF:/home/timo/MyStuff/TTU/iti0208/ofbiz_official/accounting_ui/src/model/temporary.ts
FN:1,(anonymous_0)
FNF:1
FNH:0
FNDA:0,(anonymous_0)
DA:1,0
DA:4,0
LF:2
LH:0
BRF:0
BRH:0
end_of_record
TN:
SF:/home/timo/MyStuff/TTU/iti0208/ofbiz_official/accounting_ui/src/model/workeffort.ts
FN:3,(anonymous_6)
FNF:1
FNH:0
FNDA:0,(anonymous_6)
DA:1,0
DA:3,0
DA:13,0
DA:25,0
LF:4
LH:0
BRDA:3,0,0,0
BRDA:3,0,1,0
BRDA:3,0,2,0
BRF:3
BRH:0
end_of_record
TN:
SF:/home/timo/MyStuff/TTU/iti0208/ofbiz_official/accounting_ui/src/pages/customer/customers/customers.ts
FN:7,(anonymous_2)
FN:10,Customers
FN:14,(anonymous_4)
FN:16,(anonymous_5)
FN:17,(anonymous_6)
FN:20,(anonymous_7)
FN:26,(anonymous_8)
FNF:7
FNH:0
FNDA:0,(anonymous_2)
FNDA:0,Customers
FNDA:0,(anonymous_4)
FNDA:0,(anonymous_5)
FNDA:0,(anonymous_6)
FNDA:0,(anonymous_7)
FNDA:0,(anonymous_8)
DA:1,0
DA:2,0
DA:3,0
DA:7,0
DA:10,0
DA:11,0
DA:14,0
DA:15,0
DA:17,0
DA:18,0
DA:19,0
DA:20,0
DA:22,0
DA:26,0
DA:27,0
DA:30,0
LF:16
LH:0
BRF:0
BRH:0
end_of_record
TN:
SF:/home/timo/MyStuff/TTU/iti0208/ofbiz_official/accounting_ui/src/pages/customer/new-business/new.ts
FN:7,(anonymous_2)
FN:26,New
FN:31,(anonymous_4)
FN:39,(anonymous_5)
FN:49,(anonymous_6)
FNF:5
FNH:0
FNDA:0,(anonymous_2)
FNDA:0,New
FNDA:0,(anonymous_4)
FNDA:0,(anonymous_5)
FNDA:0,(anonymous_6)
DA:1,0
DA:2,0
DA:3,0
DA:4,0
DA:7,0
DA:9,0
DA:10,0
DA:14,0
DA:15,0
DA:16,0
DA:17,0
DA:19,0
DA:20,0
DA:21,0
DA:23,0
DA:26,0
DA:27,0
DA:28,0
DA:31,0
DA:33,0
DA:39,0
DA:40,0
DA:45,0
DA:49,0
DA:50,0
DA:51,0
DA:53,0
DA:55,0
LF:28
LH:0
BRDA:40,0,0,0
BRDA:40,0,1,0
BRDA:50,1,0,0
BRDA:50,1,1,0
BRDA:50,2,0,0
BRDA:50,2,1,0
BRF:6
BRH:0
end_of_record
TN:
SF:/home/timo/MyStuff/TTU/iti0208/ofbiz_official/accounting_ui/src/pages/customer/new-private/new.ts
FN:11,(anonymous_2)
FN:19,New
FN:26,(anonymous_4)
FN:35,(anonymous_5)
FN:39,(anonymous_6)
FN:43,(anonymous_7)
FN:46,(anonymous_8)
FN:49,(anonymous_9)
FN:56,(anonymous_10)
FNF:9
FNH:0
FNDA:0,(anonymous_2)
FNDA:0,New
FNDA:0,(anonymous_4)
FNDA:0,(anonymous_5)
FNDA:0,(anonymous_6)
FNDA:0,(anonymous_7)
FNDA:0,(anonymous_8)
FNDA:0,(anonymous_9)
FNDA:0,(anonymous_10)
DA:1,0
DA:2,0
DA:3,0
DA:4,0
DA:5,0
DA:6,0
DA:7,0
DA:8,0
DA:11,0
DA:13,0
DA:14,0
DA:15,0
DA:16,0
DA:19,0
DA:20,0
DA:22,0
DA:23,0
DA:26,0
DA:29,0
DA:35,0
DA:36,0
DA:37,0
DA:38,0
DA:39,0
DA:40,0
DA:41,0
DA:42,0
DA:44,0
DA:45,0
DA:46,0
DA:47,0
DA:48,0
DA:49,0
DA:56,0
DA:57,0
DA:58,0
DA:60,0
DA:62,0
LF:38
LH:0
BRDA:36,0,0,0
BRDA:36,0,1,0
BRDA:57,1,0,0
BRDA:57,1,1,0
BRF:4
BRH:0
end_of_record
TN:
SF:/home/timo/MyStuff/TTU/iti0208/ofbiz_official/accounting_ui/src/pages/home/home.ts
FN:1,(anonymous_0)
FN:4,Home
FNF:2
FNH:0
FNDA:0,(anonymous_0)
FNDA:0,Home
DA:1,0
DA:5,0
DA:7,0
LF:3
LH:0
BRF:0
BRH:0
end_of_record
TN:
SF:/home/timo/MyStuff/TTU/iti0208/ofbiz_official/accounting_ui/src/pages/home/mf-home.ts
FN:1,(anonymous_0)
FN:4,Home
FNF:2
FNH:0
FNDA:0,(anonymous_0)
FNDA:0,Home
DA:1,0
DA:5,0
DA:7,0
LF:3
LH:0
BRF:0
BRH:0
end_of_record
TN:
SF:/home/timo/MyStuff/TTU/iti0208/ofbiz_official/accounting_ui/src/pages/item/items/items.ts
FN:7,(anonymous_2)
FN:11,Items
FN:15,(anonymous_4)
FN:17,(anonymous_5)
FNF:4
FNH:0
FNDA:0,(anonymous_2)
FNDA:0,Items
FNDA:0,(anonymous_4)
FNDA:0,(anonymous_5)
DA:1,0
DA:2,0
DA:7,0
DA:11,0
DA:12,0
DA:15,0
DA:16,0
DA:17,0
DA:19,0
LF:9
LH:0
BRF:0
BRH:0
end_of_record
TN:
SF:/home/timo/MyStuff/TTU/iti0208/ofbiz_official/accounting_ui/src/pages/item/new/new.ts
FN:7,(anonymous_2)
FN:12,New
FN:17,(anonymous_4)
FN:25,(anonymous_5)
FN:28,(anonymous_6)
FN:32,(anonymous_7)
FNF:6
FNH:0
FNDA:0,(anonymous_2)
FNDA:0,New
FNDA:0,(anonymous_4)
FNDA:0,(anonymous_5)
FNDA:0,(anonymous_6)
FNDA:0,(anonymous_7)
DA:1,0
DA:2,0
DA:3,0
DA:4,0
DA:7,0
DA:9,0
DA:10,0
DA:12,0
DA:13,0
DA:14,0
DA:17,0
DA:25,0
DA:26,0
DA:27,0
DA:28,0
DA:32,0
DA:33,0
DA:34,0
DA:36,0
DA:38,0
LF:20
LH:0
BRDA:26,0,0,0
BRDA:26,0,1,0
BRDA:33,1,0,0
BRDA:33,1,1,0
BRF:4
BRH:0
end_of_record
TN:
SF:/home/timo/MyStuff/TTU/iti0208/ofbiz_official/accounting_ui/src/pages/login/login.ts
FN:1,(anonymous_0)
FNF:1
FNH:1
FNDA:1,(anonymous_0)
DA:1,1
DA:3,1
LF:2
LH:2
BRF:0
BRH:0
end_of_record
TN:
SF:/home/timo/MyStuff/TTU/iti0208/ofbiz_official/accounting_ui/src/pages/mf-order/mf-active-orders/mf-active-orders.ts
FN:6,(anonymous_2)
FN:10,MfActiveOrders
FN:14,(anonymous_4)
FN:16,(anonymous_5)
FNF:4
FNH:0
FNDA:0,(anonymous_2)
FNDA:0,MfActiveOrders
FNDA:0,(anonymous_4)
FNDA:0,(anonymous_5)
DA:2,0
DA:3,0
DA:6,0
DA:10,0
DA:11,0
DA:14,0
DA:15,0
DA:16,0
DA:17,0
DA:18,0
DA:20,0
LF:11
LH:0
BRF:0
BRH:0
end_of_record
TN:
SF:/home/timo/MyStuff/TTU/iti0208/ofbiz_official/accounting_ui/src/pages/mf-order/mf-change-order/mf-change-order.ts
FN:1,(anonymous_0)
FN:4,MfChangeOrder
FNF:2
FNH:0
FNDA:0,(anonymous_0)
FNDA:0,MfChangeOrder
DA:1,0
DA:5,0
DA:7,0
LF:3
LH:0
BRF:0
BRH:0
end_of_record
TN:
SF:/home/timo/MyStuff/TTU/iti0208/ofbiz_official/accounting_ui/src/pages/mf-order/mf-new-order/mf-new-order.ts
FN:7,(anonymous_2)
FN:12,MfNewOrder
FN:17,(anonymous_4)
FN:20,(anonymous_5)
FN:23,(anonymous_6)
FN:27,(anonymous_7)
FN:34,(anonymous_8)
FNF:7
FNH:0
FNDA:0,(anonymous_2)
FNDA:0,MfNewOrder
FNDA:0,(anonymous_4)
FNDA:0,(anonymous_5)
FNDA:0,(anonymous_6)
FNDA:0,(anonymous_7)
FNDA:0,(anonymous_8)
DA:1,0
DA:2,0
DA:3,0
DA:4,0
DA:7,0
DA:9,0
DA:10,0
DA:12,0
DA:13,0
DA:14,0
DA:17,0
DA:20,0
DA:21,0
DA:22,0
DA:23,0
DA:27,0
DA:28,0
DA:29,0
DA:30,0
DA:31,0
DA:34,0
DA:35,0
DA:36,0
DA:38,0
DA:40,0
LF:25
LH:0
BRDA:21,0,0,0
BRDA:21,0,1,0
BRDA:35,1,0,0
BRDA:35,1,1,0
BRF:4
BRH:0
end_of_record
TN:
SF:/home/timo/MyStuff/TTU/iti0208/ofbiz_official/accounting_ui/src/pages/mf-order/mf-order-view/mf-order-view.ts
FN:1,(anonymous_0)
FN:4,MfOrderView
FNF:2
FNH:0
FNDA:0,(anonymous_0)
FNDA:0,MfOrderView
DA:1,0
DA:5,0
DA:7,0
LF:3
LH:0
BRF:0
BRH:0
end_of_record
TN:
SF:/home/timo/MyStuff/TTU/iti0208/ofbiz_official/accounting_ui/src/pages/mf-order/mf-orders-history/mf-orders-history.ts
FN:1,(anonymous_0)
FN:4,MfOrdersHistory
FNF:2
FNH:0
FNDA:0,(anonymous_0)
FNDA:0,MfOrdersHistory
DA:1,0
DA:5,0
DA:7,0
LF:3
LH:0
BRF:0
BRH:0
end_of_record
TN:
SF:/home/timo/MyStuff/TTU/iti0208/ofbiz_official/accounting_ui/src/pages/mf-products/mf-product-new/new.ts
FN:7,(anonymous_2)
FN:12,New
FN:17,(anonymous_4)
FN:20,(anonymous_5)
FN:23,(anonymous_6)
FN:27,(anonymous_7)
FN:32,(anonymous_8)
FNF:7
FNH:0
FNDA:0,(anonymous_2)
FNDA:0,New
FNDA:0,(anonymous_4)
FNDA:0,(anonymous_5)
FNDA:0,(anonymous_6)
FNDA:0,(anonymous_7)
FNDA:0,(anonymous_8)
DA:1,0
DA:2,0
DA:3,0
DA:4,0
DA:7,0
DA:9,0
DA:10,0
DA:12,0
DA:13,0
DA:14,0
DA:17,0
DA:20,0
DA:21,0
DA:22,0
DA:23,0
DA:27,0
DA:28,0
DA:29,0
DA:32,0
DA:33,0
DA:34,0
DA:36,0
DA:38,0
LF:23
LH:0
BRDA:21,0,0,0
BRDA:21,0,1,0
BRDA:33,1,0,0
BRDA:33,1,1,0
BRF:4
BRH:0
end_of_record
TN:
SF:/home/timo/MyStuff/TTU/iti0208/ofbiz_official/accounting_ui/src/pages/mf-products/mf-product-view/mf-product-view.ts
FN:7,(anonymous_2)
FN:16,MfProductView
FN:32,(anonymous_4)
FN:40,(anonymous_5)
FN:43,(anonymous_6)
FN:48,(anonymous_7)
FNF:6
FNH:0
FNDA:0,(anonymous_2)
FNDA:0,MfProductView
FNDA:0,(anonymous_4)
FNDA:0,(anonymous_5)
FNDA:0,(anonymous_6)
FNDA:0,(anonymous_7)
DA:1,0
DA:2,0
DA:3,0
DA:4,0
DA:7,0
DA:13,0
DA:14,0
DA:16,0
DA:17,0
DA:19,0
DA:21,0
DA:22,0
DA:24,0
DA:25,0
DA:27,0
DA:28,0
DA:32,0
DA:33,0
DA:35,0
DA:36,0
DA:37,0
DA:39,0
DA:40,0
DA:43,0
DA:44,0
DA:45,0
DA:48,0
DA:49,0
DA:50,0
DA:51,0
DA:52,0
DA:53,0
DA:57,0
LF:33
LH:0
BRF:0
BRH:0
end_of_record
TN:
SF:/home/timo/MyStuff/TTU/iti0208/ofbiz_official/accounting_ui/src/pages/mf-products/mf-products-overview/mf-products-overview.ts
FN:6,(anonymous_2)
FN:10,Items
FN:14,(anonymous_4)
FN:16,(anonymous_5)
FN:19,(anonymous_6)
FNF:5
FNH:0
FNDA:0,(anonymous_2)
FNDA:0,Items
FNDA:0,(anonymous_4)
FNDA:0,(anonymous_5)
FNDA:0,(anonymous_6)
DA:1,0
DA:2,0
DA:6,0
DA:10,0
DA:11,0
DA:14,0
DA:15,0
DA:16,0
DA:19,0
DA:20,0
DA:22,0
DA:23,0
DA:25,0
DA:28,0
DA:29,0
DA:31,0
DA:34,0
DA:36,0
LF:18
LH:0
BRDA:22,0,0,0
BRDA:22,0,1,0
BRDA:28,1,0,0
BRDA:28,1,1,0
BRF:4
BRH:0
end_of_record
TN:
SF:/home/timo/MyStuff/TTU/iti0208/ofbiz_official/accounting_ui/src/pages/order/new/new.ts
FN:1,(anonymous_0)
FN:4,New
FNF:2
FNH:0
FNDA:0,(anonymous_0)
FNDA:0,New
DA:1,0
DA:5,0
DA:7,0
LF:3
LH:0
BRF:0
BRH:0
end_of_record
TN:
SF:/home/timo/MyStuff/TTU/iti0208/ofbiz_official/accounting_ui/src/pages/order/overview/overview.ts
FN:1,(anonymous_0)
FN:4,Overview
FNF:2
FNH:0
FNDA:0,(anonymous_0)
FNDA:0,Overview
DA:1,0
DA:5,0
DA:7,0
LF:3
LH:0
BRF:0
BRH:0
end_of_record
TN:
SF:/home/timo/MyStuff/TTU/iti0208/ofbiz_official/accounting_ui/src/pages/purchase-invoice/new/new.ts
FN:15,(anonymous_2)
FN:34,New
FN:57,(anonymous_4)
FN:59,(anonymous_5)
FN:62,(anonymous_6)
FN:65,(anonymous_7)
FN:80,(anonymous_8)
FN:84,(anonymous_9)
FN:90,(anonymous_10)
FN:109,(anonymous_11)
FN:117,(anonymous_12)
FN:125,(anonymous_13)
FN:131,(anonymous_14)
FN:132,(anonymous_15)
FN:136,(anonymous_16)
FN:143,(anonymous_17)
FN:144,(anonymous_18)
FN:154,(anonymous_19)
FN:162,(anonymous_20)
FNF:19
FNH:0
FNDA:0,(anonymous_2)
FNDA:0,New
FNDA:0,(anonymous_4)
FNDA:0,(anonymous_5)
FNDA:0,(anonymous_6)
FNDA:0,(anonymous_7)
FNDA:0,(anonymous_8)
FNDA:0,(anonymous_9)
FNDA:0,(anonymous_10)
FNDA:0,(anonymous_11)
FNDA:0,(anonymous_12)
FNDA:0,(anonymous_13)
FNDA:0,(anonymous_14)
FNDA:0,(anonymous_15)
FNDA:0,(anonymous_16)
FNDA:0,(anonymous_17)
FNDA:0,(anonymous_18)
FNDA:0,(anonymous_19)
FNDA:0,(anonymous_20)
DA:1,0
DA:2,0
DA:3,0
DA:4,0
DA:5,0
DA:6,0
DA:7,0
DA:8,0
DA:9,0
DA:10,0
DA:11,0
DA:12,0
DA:15,0
DA:16,0
DA:17,0
DA:18,0
DA:19,0
DA:21,0
DA:22,0
DA:23,0
DA:24,0
DA:27,0
DA:28,0
DA:29,0
DA:31,0
DA:32,0
DA:34,0
DA:35,0
DA:36,0
DA:37,0
DA:40,0
DA:41,0
DA:42,0
DA:44,0
DA:45,0
DA:46,0
DA:47,0
DA:48,0
DA:49,0
DA:50,0
DA:51,0
DA:52,0
DA:53,0
DA:54,0
DA:57,0
DA:58,0
DA:59,0
DA:61,0
DA:62,0
DA:65,0
DA:66,0
DA:80,0
DA:81,0
DA:84,0
DA:85,0
DA:86,0
DA:87,0
DA:90,0
DA:91,0
DA:92,0
DA:93,0
DA:95,0
DA:96,0
DA:98,0
DA:99,0
DA:100,0
DA:101,0
DA:102,0
DA:103,0
DA:104,0
DA:105,0
DA:106,0
DA:109,0
DA:110,0
DA:111,0
DA:112,0
DA:114,0
DA:117,0
DA:118,0
DA:119,0
DA:120,0
DA:122,0
DA:125,0
DA:127,0
DA:128,0
DA:129,0
DA:130,0
DA:131,0
DA:132,0
DA:136,0
DA:137,0
DA:138,0
DA:140,0
DA:143,0
DA:144,0
DA:145,0
DA:146,0
DA:147,0
DA:150,0
DA:154,0
DA:155,0
DA:156,0
DA:157,0
DA:158,0
DA:159,0
DA:162,0
DA:163,0
DA:164,0
DA:165,0
DA:167,0
DA:168,0
DA:171,0
LF:112
LH:0
BRDA:92,0,0,0
BRDA:92,0,1,0
BRDA:95,1,0,0
BRDA:95,1,1,0
BRDA:129,2,0,0
BRDA:129,2,1,0
BRDA:137,3,0,0
BRDA:137,3,1,0
BRDA:137,4,0,0
BRDA:137,4,1,0
BRDA:146,5,0,0
BRDA:146,5,1,0
BRDA:146,6,0,0
BRDA:146,6,1,0
BRDA:146,6,2,0
BRDA:163,7,0,0
BRDA:163,7,1,0
BRF:17
BRH:0
end_of_record
TN:
SF:/home/timo/MyStuff/TTU/iti0208/ofbiz_official/accounting_ui/src/pages/purchase-invoice/overview/overview.ts
FN:6,(anonymous_2)
FN:11,Overview
FN:15,(anonymous_4)
FN:16,(anonymous_5)
FN:23,(anonymous_6)
FN:25,(anonymous_7)
FN:28,(anonymous_8)
FN:32,(anonymous_9)
FNF:8
FNH:0
FNDA:0,(anonymous_2)
FNDA:0,Overview
FNDA:0,(anonymous_4)
FNDA:0,(anonymous_5)
FNDA:0,(anonymous_6)
FNDA:0,(anonymous_7)
FNDA:0,(anonymous_8)
FNDA:0,(anonymous_9)
DA:1,0
DA:2,0
DA:3,0
DA:6,0
DA:8,0
DA:9,0
DA:11,0
DA:12,0
DA:15,0
DA:16,0
DA:17,0
DA:18,0
DA:19,0
DA:23,0
DA:24,0
DA:25,0
DA:28,0
DA:29,0
DA:32,0
DA:33,0
DA:34,0
DA:35,0
DA:37,0
DA:39,0
LF:24
LH:0
BRDA:17,0,0,0
BRDA:17,0,1,0
BRDA:17,1,0,0
BRDA:17,1,1,0
BRDA:18,2,0,0
BRDA:18,2,1,0
BRDA:18,3,0,0
BRDA:18,3,1,0
BRF:8
BRH:0
end_of_record
TN:
SF:/home/timo/MyStuff/TTU/iti0208/ofbiz_official/accounting_ui/src/pages/sales-invoice/new/new.ts
FN:13,(anonymous_2)
FN:32,New
FN:55,(anonymous_4)
FN:57,(anonymous_5)
FN:60,(anonymous_6)
FN:61,(anonymous_7)
FN:64,(anonymous_8)
FN:79,(anonymous_9)
FN:83,(anonymous_10)
FN:88,(anonymous_11)
FN:95,(anonymous_12)
FN:102,(anonymous_13)
FN:110,(anonymous_14)
FN:118,(anonymous_15)
FN:125,(anonymous_16)
FN:126,(anonymous_17)
FN:136,(anonymous_18)
FN:144,(anonymous_19)
FN:150,(anonymous_20)
FN:157,(anonymous_21)
FN:167,(anonymous_22)
FN:173,(anonymous_23)
FN:174,(anonymous_24)
FNF:23
FNH:0
FNDA:0,(anonymous_2)
FNDA:0,New
FNDA:0,(anonymous_4)
FNDA:0,(anonymous_5)
FNDA:0,(anonymous_6)
FNDA:0,(anonymous_7)
FNDA:0,(anonymous_8)
FNDA:0,(anonymous_9)
FNDA:0,(anonymous_10)
FNDA:0,(anonymous_11)
FNDA:0,(anonymous_12)
FNDA:0,(anonymous_13)
FNDA:0,(anonymous_14)
FNDA:0,(anonymous_15)
FNDA:0,(anonymous_16)
FNDA:0,(anonymous_17)
FNDA:0,(anonymous_18)
FNDA:0,(anonymous_19)
FNDA:0,(anonymous_20)
FNDA:0,(anonymous_21)
FNDA:0,(anonymous_22)
FNDA:0,(anonymous_23)
FNDA:0,(anonymous_24)
DA:1,0
DA:2,0
DA:3,0
DA:4,0
DA:5,0
DA:6,0
DA:7,0
DA:8,0
DA:9,0
DA:10,0
DA:13,0
DA:15,0
DA:16,0
DA:17,0
DA:18,0
DA:20,0
DA:21,0
DA:22,0
DA:23,0
DA:26,0
DA:27,0
DA:29,0
DA:30,0
DA:32,0
DA:33,0
DA:34,0
DA:35,0
DA:37,0
DA:38,0
DA:39,0
DA:41,0
DA:42,0
DA:43,0
DA:44,0
DA:45,0
DA:46,0
DA:47,0
DA:48,0
DA:49,0
DA:50,0
DA:51,0
DA:55,0
DA:56,0
DA:57,0
DA:59,0
DA:60,0
DA:61,0
DA:64,0
DA:65,0
DA:79,0
DA:80,0
DA:83,0
DA:84,0
DA:85,0
DA:88,0
DA:89,0
DA:90,0
DA:91,0
DA:92,0
DA:95,0
DA:96,0
DA:97,0
DA:98,0
DA:99,0
DA:102,0
DA:103,0
DA:104,0
DA:105,0
DA:106,0
DA:107,0
DA:110,0
DA:111,0
DA:112,0
DA:113,0
DA:115,0
DA:118,0
DA:119,0
DA:120,0
DA:122,0
DA:125,0
DA:126,0
DA:127,0
DA:128,0
DA:129,0
DA:132,0
DA:136,0
DA:137,0
DA:138,0
DA:139,0
DA:140,0
DA:141,0
DA:144,0
DA:145,0
DA:146,0
DA:147,0
DA:150,0
DA:151,0
DA:152,0
DA:153,0
DA:154,0
DA:157,0
DA:158,0
DA:159,0
DA:160,0
DA:162,0
DA:163,0
DA:167,0
DA:169,0
DA:170,0
DA:171,0
DA:172,0
DA:173,0
DA:174,0
DA:178,0
LF:114
LH:0
BRDA:119,0,0,0
BRDA:119,0,1,0
BRDA:119,1,0,0
BRDA:119,1,1,0
BRDA:128,2,0,0
BRDA:128,2,1,0
BRDA:128,3,0,0
BRDA:128,3,1,0
BRDA:128,3,2,0
BRDA:158,4,0,0
BRDA:158,4,1,0
BRDA:171,5,0,0
BRDA:171,5,1,0
BRF:13
BRH:0
end_of_record
TN:
SF:/home/timo/MyStuff/TTU/iti0208/ofbiz_official/accounting_ui/src/pages/sales-invoice/overview/overview.ts
FN:6,(anonymous_2)
FN:11,Overview
FN:15,(anonymous_4)
FN:16,(anonymous_5)
FN:23,(anonymous_6)
FN:25,(anonymous_7)
FN:28,(anonymous_8)
FNF:7
FNH:0
FNDA:0,(anonymous_2)
FNDA:0,Overview
FNDA:0,(anonymous_4)
FNDA:0,(anonymous_5)
FNDA:0,(anonymous_6)
FNDA:0,(anonymous_7)
FNDA:0,(anonymous_8)
DA:1,0
DA:2,0
DA:3,0
DA:6,0
DA:8,0
DA:9,0
DA:11,0
DA:12,0
DA:15,0
DA:16,0
DA:17,0
DA:18,0
DA:19,0
DA:23,0
DA:24,0
DA:25,0
DA:28,0
DA:29,0
DA:32,0
LF:19
LH:0
BRDA:17,0,0,0
BRDA:17,0,1,0
BRDA:17,1,0,0
BRDA:17,1,1,0
BRDA:18,2,0,0
BRDA:18,2,1,0
BRDA:18,3,0,0
BRDA:18,3,1,0
BRF:8
BRH:0
end_of_record
TN:
SF:/home/timo/MyStuff/TTU/iti0208/ofbiz_official/accounting_ui/src/pages/workeffort/mf-new-workeffort/mf-new-workeffort.ts
FN:7,(anonymous_2)
FN:12,New
FN:17,(anonymous_4)
FN:20,(anonymous_5)
FN:24,(anonymous_6)
FN:29,(anonymous_7)
FNF:6
FNH:0
FNDA:0,(anonymous_2)
FNDA:0,New
FNDA:0,(anonymous_4)
FNDA:0,(anonymous_5)
FNDA:0,(anonymous_6)
FNDA:0,(anonymous_7)
DA:1,0
DA:2,0
DA:3,0
DA:4,0
DA:7,0
DA:9,0
DA:10,0
DA:12,0
DA:13,0
DA:17,0
DA:18,0
DA:19,0
DA:20,0
DA:24,0
DA:25,0
DA:26,0
DA:29,0
DA:30,0
DA:31,0
DA:33,0
DA:35,0
LF:21
LH:0
BRDA:18,0,0,0
BRDA:18,0,1,0
BRDA:30,1,0,0
BRDA:30,1,1,0
BRF:4
BRH:0
end_of_record
TN:
SF:/home/timo/MyStuff/TTU/iti0208/ofbiz_official/accounting_ui/src/pages/workeffort/mf-workeffort/mf-workeffort.ts
FN:7,(anonymous_2)
FN:12,Overview
FN:16,(anonymous_4)
FN:17,(anonymous_5)
FN:24,(anonymous_6)
FN:26,(anonymous_7)
FN:29,(anonymous_8)
FN:33,(anonymous_9)
FN:41,(anonymous_10)
FNF:9
FNH:0
FNDA:0,(anonymous_2)
FNDA:0,Overview
FNDA:0,(anonymous_4)
FNDA:0,(anonymous_5)
FNDA:0,(anonymous_6)
FNDA:0,(anonymous_7)
FNDA:0,(anonymous_8)
FNDA:0,(anonymous_9)
FNDA:0,(anonymous_10)
DA:1,0
DA:2,0
DA:3,0
DA:7,0
DA:9,0
DA:10,0
DA:12,0
DA:13,0
DA:16,0
DA:17,0
DA:18,0
DA:19,0
DA:20,0
DA:24,0
DA:25,0
DA:26,0
DA:29,0
DA:30,0
DA:33,0
DA:34,0
DA:35,0
DA:36,0
DA:38,0
DA:41,0
DA:42,0
DA:44,0
DA:45,0
DA:48,0
DA:50,0
DA:51,0
DA:54,0
DA:55,0
DA:58,0
DA:59,0
DA:62,0
DA:63,0
DA:66,0
DA:68,0
LF:38
LH:0
BRDA:18,0,0,0
BRDA:18,0,1,0
BRDA:18,1,0,0
BRDA:18,1,1,0
BRDA:19,2,0,0
BRDA:19,2,1,0
BRDA:19,3,0,0
BRDA:19,3,1,0
BRDA:44,4,0,0
BRDA:44,4,1,0
BRDA:50,5,0,0
BRDA:50,5,1,0
BRDA:54,6,0,0
BRDA:54,6,1,0
BRDA:58,7,0,0
BRDA:58,7,1,0
BRDA:62,8,0,0
BRDA:62,8,1,0
BRF:18
BRH:0
end_of_record
TN:
SF:/home/timo/MyStuff/TTU/iti0208/ofbiz_official/accounting_ui/src/pages/workeffort/mf-workeffort-view/mf-workeffort-view.ts
FN:7,(anonymous_2)
FN:13,MfWorkeffortView
FN:25,(anonymous_4)
FN:27,(anonymous_5)
FN:31,(anonymous_6)
FN:36,(anonymous_7)
FNF:6
FNH:0
FNDA:0,(anonymous_2)
FNDA:0,MfWorkeffortView
FNDA:0,(anonymous_4)
FNDA:0,(anonymous_5)
FNDA:0,(anonymous_6)
FNDA:0,(anonymous_7)
DA:1,0
DA:2,0
DA:3,0
DA:4,0
DA:7,0
DA:10,0
DA:11,0
DA:13,0
DA:14,0
DA:16,0
DA:17,0
DA:18,0
DA:19,0
DA:20,0
DA:21,0
DA:22,0
DA:25,0
DA:26,0
DA:27,0
DA:31,0
DA:32,0
DA:33,0
DA:36,0
DA:37,0
DA:38,0
DA:41,0
LF:26
LH:0
BRF:0
BRH:0
end_of_record
TN:
SF:/home/timo/MyStuff/TTU/iti0208/ofbiz_official/accounting_ui/src/resources/index.ts
FN:3,configure
FNF:1
FNH:0
FNDA:0,configure
DA:3,0
LF:1
LH:0
BRF:0
BRH:0
end_of_record
TN:
SF:/home/timo/MyStuff/TTU/iti0208/ofbiz_official/accounting_ui/src/service/WorkEffortService.ts
FN:4,(anonymous_6)
FN:6,(anonymous_8)
FN:10,(anonymous_9)
FN:15,(anonymous_10)
FN:19,(anonymous_11)
FNF:5
FNH:0
FNDA:0,(anonymous_6)
FNDA:0,(anonymous_8)
FNDA:0,(anonymous_9)
FNDA:0,(anonymous_10)
FNDA:0,(anonymous_11)
DA:1,0
DA:4,0
DA:6,0
DA:7,0
DA:10,0
DA:11,0
DA:12,0
DA:15,0
DA:16,0
DA:19,0
DA:20,0
DA:23,0
LF:12
LH:0
BRF:0
BRH:0
end_of_record
TN:
SF:/home/timo/MyStuff/TTU/iti0208/ofbiz_official/accounting_ui/src/service/billing-account-service.ts
FN:3,(anonymous_6)
FN:4,(anonymous_8)
FNF:2
FNH:0
FNDA:0,(anonymous_6)
FNDA:0,(anonymous_8)
DA:1,0
DA:3,0
DA:4,0
DA:5,0
DA:7,0
LF:5
LH:0
BRF:0
BRH:0
end_of_record
TN:
SF:/home/timo/MyStuff/TTU/iti0208/ofbiz_official/accounting_ui/src/service/contact-mech-service.ts
FN:4,(anonymous_6)
FN:5,(anonymous_8)
FN:9,(anonymous_9)
FNF:3
FNH:0
FNDA:0,(anonymous_6)
FNDA:0,(anonymous_8)
FNDA:0,(anonymous_9)
DA:1,0
DA:4,0
DA:5,0
DA:6,0
DA:9,0
DA:10,0
DA:12,0
LF:7
LH:0
BRF:0
BRH:0
end_of_record
TN:
SF:/home/timo/MyStuff/TTU/iti0208/ofbiz_official/accounting_ui/src/service/invoice-service.ts
FN:5,(anonymous_6)
FN:7,(anonymous_8)
FN:11,(anonymous_9)
FN:15,(anonymous_10)
FN:19,(anonymous_11)
FN:25,(anonymous_12)
FNF:6
FNH:0
FNDA:0,(anonymous_6)
FNDA:0,(anonymous_8)
FNDA:0,(anonymous_9)
FNDA:0,(anonymous_10)
FNDA:0,(anonymous_11)
FNDA:0,(anonymous_12)
DA:1,0
DA:5,0
DA:7,0
DA:8,0
DA:11,0
DA:12,0
DA:15,0
DA:16,0
DA:19,0
DA:21,0
DA:22,0
DA:25,0
DA:26,0
DA:28,0
LF:14
LH:0
BRF:0
BRH:0
end_of_record
TN:
SF:/home/timo/MyStuff/TTU/iti0208/ofbiz_official/accounting_ui/src/service/order-service.ts
FN:4,(anonymous_6)
FN:6,(anonymous_8)
FN:10,(anonymous_9)
FN:14,(anonymous_10)
FN:18,(anonymous_11)
FNF:5
FNH:0
FNDA:0,(anonymous_6)
FNDA:0,(anonymous_8)
FNDA:0,(anonymous_9)
FNDA:0,(anonymous_10)
FNDA:0,(anonymous_11)
DA:1,0
DA:4,0
DA:6,0
DA:7,0
DA:10,0
DA:11,0
DA:14,0
DA:15,0
DA:18,0
DA:19,0
DA:21,0
LF:11
LH:0
BRF:0
BRH:0
end_of_record
TN:
SF:/home/timo/MyStuff/TTU/iti0208/ofbiz_official/accounting_ui/src/service/party-service.ts
FN:6,(anonymous_6)
FN:7,(anonymous_8)
FN:11,(anonymous_9)
FN:15,(anonymous_10)
FN:19,(anonymous_11)
FN:23,(anonymous_12)
FN:27,(anonymous_13)
FN:31,(anonymous_14)
FNF:8
FNH:0
FNDA:0,(anonymous_6)
FNDA:0,(anonymous_8)
FNDA:0,(anonymous_9)
FNDA:0,(anonymous_10)
FNDA:0,(anonymous_11)
FNDA:0,(anonymous_12)
FNDA:0,(anonymous_13)
FNDA:0,(anonymous_14)
DA:1,0
DA:6,0
DA:7,0
DA:8,0
DA:11,0
DA:12,0
DA:15,0
DA:16,0
DA:19,0
DA:20,0
DA:23,0
DA:24,0
DA:27,0
DA:28,0
DA:31,0
DA:32,0
DA:35,0
LF:17
LH:0
BRF:0
BRH:0
end_of_record
TN:
SF:/home/timo/MyStuff/TTU/iti0208/ofbiz_official/accounting_ui/src/service/product-service.ts
FN:4,(anonymous_6)
FN:6,(anonymous_8)
FN:10,(anonymous_9)
FN:14,(anonymous_10)
FN:18,(anonymous_11)
FNF:5
FNH:0
FNDA:0,(anonymous_6)
FNDA:0,(anonymous_8)
FNDA:0,(anonymous_9)
FNDA:0,(anonymous_10)
FNDA:0,(anonymous_11)
DA:1,0
DA:4,0
DA:6,0
DA:7,0
DA:10,0
DA:11,0
DA:14,0
DA:15,0
DA:18,0
DA:19,0
DA:22,0
LF:11
LH:0
BRF:0
BRH:0
end_of_record
TN:
SF:/home/timo/MyStuff/TTU/iti0208/ofbiz_official/accounting_ui/src/service/service.ts
FN:8,(anonymous_2)
FN:9,Service
FN:10,(anonymous_4)
FN:21,(anonymous_5)
FN:25,(anonymous_6)
FN:29,(anonymous_7)
FN:33,(anonymous_8)
FN:41,(anonymous_9)
FN:44,(anonymous_10)
FN:49,(anonymous_11)
FN:52,(anonymous_12)
FN:55,(anonymous_13)
FN:60,(anonymous_14)
FN:63,(anonymous_15)
FN:68,(anonymous_16)
FN:71,(anonymous_17)
FNF:16
FNH:1
FNDA:1,(anonymous_2)
FNDA:0,Service
FNDA:0,(anonymous_4)
FNDA:0,(anonymous_5)
FNDA:0,(anonymous_6)
FNDA:0,(anonymous_7)
FNDA:0,(anonymous_8)
FNDA:0,(anonymous_9)
FNDA:0,(anonymous_10)
FNDA:0,(anonymous_11)
FNDA:0,(anonymous_12)
FNDA:0,(anonymous_13)
FNDA:0,(anonymous_14)
FNDA:0,(anonymous_15)
FNDA:0,(anonymous_16)
FNDA:0,(anonymous_17)
DA:1,1
DA:2,1
DA:4,1
DA:5,1
DA:8,1
DA:9,0
DA:10,0
DA:11,0
DA:22,0
DA:23,0
DA:26,0
DA:27,0
DA:30,0
DA:31,0
DA:34,0
DA:35,0
DA:41,1
DA:42,0
DA:43,0
DA:44,0
DA:46,0
DA:49,1
DA:50,0
DA:51,0
DA:52,0
DA:55,1
DA:56,0
DA:57,0
DA:60,0
DA:63,1
DA:64,0
DA:65,0
DA:68,0
DA:71,1
DA:74,1
LF:35
LH:11
BRDA:46,0,0,0
BRDA:46,0,1,0
BRDA:49,1,0,0
BRDA:49,1,1,0
BRF:4
BRH:0
end_of_record
TN:
SF:/home/timo/MyStuff/TTU/iti0208/ofbiz_official/accounting_ui/src/util/time-utils.ts
FN:2,(anonymous_0)
FN:3,(anonymous_2)
FN:11,(anonymous_3)
FN:18,(anonymous_4)
FNF:4
FNH:0
FNDA:0,(anonymous_0)
FNDA:0,(anonymous_2)
FNDA:0,(anonymous_3)
FNDA:0,(anonymous_4)
DA:2,0
DA:3,0
DA:4,0
DA:5,0
DA:6,0
DA:7,0
DA:8,0
DA:11,0
DA:12,0
DA:13,0
DA:14,0
DA:15,0
DA:18,0
DA:19,0
DA:20,0
DA:21,0
DA:23,0
LF:17
LH:0
BRF:0
BRH:0
end_of_record
